{"/home/rostislav013/Documents/Integrigy/work/fast-track-5-typescript-men-boilerplate/src/app.ts": {"path":"/home/rostislav013/Documents/Integrigy/work/fast-track-5-typescript-men-boilerplate/src/app.ts","statementMap":{"0":{"start":{"line":1,"column":0},"end":{"line":1,"column":29}},"1":{"start":{"line":2,"column":0},"end":{"line":2,"column":37}},"2":{"start":{"line":4,"column":0},"end":{"line":4,"column":36}},"3":{"start":{"line":5,"column":0},"end":{"line":5,"column":25}},"4":{"start":{"line":9,"column":0},"end":{"line":9,"column":31}},"5":{"start":{"line":10,"column":0},"end":{"line":10,"column":31}},"6":{"start":{"line":11,"column":0},"end":{"line":11,"column":31}},"7":{"start":{"line":13,"column":0},"end":{"line":13,"column":60}},"8":{"start":{"line":14,"column":0},"end":{"line":14,"column":23}},"9":{"start":{"line":16,"column":0},"end":{"line":16,"column":41}},"10":{"start":{"line":17,"column":0},"end":{"line":17,"column":39}},"11":{"start":{"line":18,"column":0},"end":{"line":18,"column":39}},"12":{"start":{"line":20,"column":0},"end":{"line":20,"column":59}},"13":{"start":{"line":23,"column":12},"end":{"line":23,"column":21}},"14":{"start":{"line":24,"column":17},"end":{"line":24,"column":28}},"15":{"start":{"line":26,"column":0},"end":{"line":26,"column":null}},"16":{"start":{"line":28,"column":0},"end":{"line":28,"column":null}},"17":{"start":{"line":29,"column":0},"end":{"line":43,"column":null}},"18":{"start":{"line":39,"column":4},"end":{"line":41,"column":null}},"19":{"start":{"line":42,"column":4},"end":{"line":42,"column":null}},"20":{"start":{"line":46,"column":0},"end":{"line":46,"column":null}},"21":{"start":{"line":49,"column":0},"end":{"line":49,"column":null}},"22":{"start":{"line":52,"column":0},"end":{"line":59,"column":null}},"23":{"start":{"line":53,"column":2},"end":{"line":53,"column":null}},"24":{"start":{"line":54,"column":2},"end":{"line":57,"column":null}},"25":{"start":{"line":58,"column":2},"end":{"line":58,"column":null}},"26":{"start":{"line":62,"column":0},"end":{"line":62,"column":null}},"27":{"start":{"line":63,"column":0},"end":{"line":63,"column":null}},"28":{"start":{"line":64,"column":0},"end":{"line":64,"column":null}},"29":{"start":{"line":65,"column":0},"end":{"line":65,"column":null}},"30":{"start":{"line":66,"column":0},"end":{"line":66,"column":null}},"31":{"start":{"line":69,"column":0},"end":{"line":69,"column":null}},"32":{"start":{"line":72,"column":0},"end":{"line":72,"column":null}},"33":{"start":{"line":75,"column":0},"end":{"line":75,"column":null}},"34":{"start":{"line":78,"column":0},"end":{"line":78,"column":null}},"35":{"start":{"line":80,"column":0},"end":{"line":80,"column":null}}},"fnMap":{"0":{"name":"(anonymous_1)","decl":{"start":{"line":35,"column":8},"end":{"line":35,"column":11}},"loc":{"start":{"line":35,"column":13},"end":{"line":37,"column":3}}},"1":{"name":"(anonymous_2)","decl":{"start":{"line":38,"column":9},"end":{"line":38,"column":10}},"loc":{"start":{"line":38,"column":24},"end":{"line":43,"column":3}}},"2":{"name":"(anonymous_3)","decl":{"start":{"line":52,"column":8},"end":{"line":52,"column":18}},"loc":{"start":{"line":52,"column":32},"end":{"line":59,"column":1}}}},"branchMap":{"0":{"loc":{"start":{"line":46,"column":16},"end":{"line":46,"column":32}},"type":"binary-expr","locations":[{"start":{"line":46,"column":16},"end":{"line":46,"column":32}},{"start":{"line":46,"column":36},"end":{"line":46,"column":40}}]}},"s":{"0":4,"1":4,"2":4,"3":4,"4":4,"5":4,"6":4,"7":4,"8":4,"9":4,"10":4,"11":4,"12":4,"13":4,"14":4,"15":4,"16":4,"17":4,"18":0,"19":0,"20":4,"21":4,"22":4,"23":64,"24":64,"25":64,"26":4,"27":4,"28":4,"29":4,"30":4,"31":4,"32":4,"33":4,"34":4,"35":4},"f":{"0":2,"1":0,"2":64},"b":{"0":[4,0]}}
,"/home/rostislav013/Documents/Integrigy/work/fast-track-5-typescript-men-boilerplate/src/Validation/login.ts": {"path":"/home/rostislav013/Documents/Integrigy/work/fast-track-5-typescript-men-boilerplate/src/Validation/login.ts","statementMap":{"0":{"start":{"line":1,"column":0},"end":{"line":1,"column":33}},"1":{"start":{"line":2,"column":0},"end":{"line":2,"column":30}},"2":{"start":{"line":8,"column":56},"end":{"line":8,"column":58}},"3":{"start":{"line":11,"column":2},"end":{"line":11,"column":null}},"4":{"start":{"line":12,"column":2},"end":{"line":12,"column":null}},"5":{"start":{"line":15,"column":2},"end":{"line":19,"column":null}},"6":{"start":{"line":16,"column":4},"end":{"line":16,"column":null}},"7":{"start":{"line":17,"column":9},"end":{"line":19,"column":null}},"8":{"start":{"line":18,"column":4},"end":{"line":18,"column":null}},"9":{"start":{"line":21,"column":2},"end":{"line":23,"column":null}},"10":{"start":{"line":22,"column":4},"end":{"line":22,"column":null}},"11":{"start":{"line":24,"column":2},"end":{"line":27,"column":null}},"12":{"start":{"line":4,"column":0},"end":{"line":4,"column":24}}},"fnMap":{"0":{"name":"validateLoginInput","decl":{"start":{"line":4,"column":24},"end":{"line":4,"column":42}},"loc":{"start":{"line":7,"column":1},"end":{"line":28,"column":1}}}},"branchMap":{"0":{"loc":{"start":{"line":11,"column":38},"end":{"line":11,"column":48}},"type":"cond-expr","locations":[{"start":{"line":11,"column":38},"end":{"line":11,"column":48}},{"start":{"line":11,"column":51},"end":{"line":11,"column":53}}]},"1":{"loc":{"start":{"line":12,"column":44},"end":{"line":12,"column":57}},"type":"cond-expr","locations":[{"start":{"line":12,"column":44},"end":{"line":12,"column":57}},{"start":{"line":12,"column":60},"end":{"line":12,"column":62}}]},"2":{"loc":{"start":{"line":15,"column":2},"end":{"line":19,"column":null}},"type":"if","locations":[{"start":{"line":15,"column":2},"end":{"line":19,"column":null}},{"start":{"line":15,"column":2},"end":{"line":19,"column":null}}]},"3":{"loc":{"start":{"line":17,"column":9},"end":{"line":19,"column":null}},"type":"if","locations":[{"start":{"line":17,"column":9},"end":{"line":19,"column":null}},{"start":{"line":17,"column":9},"end":{"line":19,"column":null}}]},"4":{"loc":{"start":{"line":21,"column":2},"end":{"line":23,"column":null}},"type":"if","locations":[{"start":{"line":21,"column":2},"end":{"line":23,"column":null}},{"start":{"line":21,"column":2},"end":{"line":23,"column":null}}]}},"s":{"0":4,"1":4,"2":3,"3":3,"4":3,"5":3,"6":0,"7":3,"8":0,"9":3,"10":0,"11":3,"12":4},"f":{"0":3},"b":{"0":[3,0],"1":[3,0],"2":[0,3],"3":[0,3],"4":[0,3]}}
,"/home/rostislav013/Documents/Integrigy/work/fast-track-5-typescript-men-boilerplate/src/Validation/register.ts": {"path":"/home/rostislav013/Documents/Integrigy/work/fast-track-5-typescript-men-boilerplate/src/Validation/register.ts","statementMap":{"0":{"start":{"line":1,"column":0},"end":{"line":1,"column":33}},"1":{"start":{"line":2,"column":0},"end":{"line":2,"column":30}},"2":{"start":{"line":14,"column":25},"end":{"line":14,"column":27}},"3":{"start":{"line":16,"column":2},"end":{"line":16,"column":null}},"4":{"start":{"line":17,"column":2},"end":{"line":17,"column":null}},"5":{"start":{"line":18,"column":2},"end":{"line":18,"column":null}},"6":{"start":{"line":21,"column":2},"end":{"line":23,"column":null}},"7":{"start":{"line":22,"column":4},"end":{"line":22,"column":null}},"8":{"start":{"line":25,"column":2},"end":{"line":29,"column":null}},"9":{"start":{"line":26,"column":4},"end":{"line":26,"column":null}},"10":{"start":{"line":27,"column":9},"end":{"line":29,"column":null}},"11":{"start":{"line":28,"column":4},"end":{"line":28,"column":null}},"12":{"start":{"line":31,"column":2},"end":{"line":33,"column":null}},"13":{"start":{"line":32,"column":4},"end":{"line":32,"column":null}},"14":{"start":{"line":35,"column":2},"end":{"line":37,"column":null}},"15":{"start":{"line":36,"column":4},"end":{"line":36,"column":null}},"16":{"start":{"line":39,"column":2},"end":{"line":42,"column":null}},"17":{"start":{"line":9,"column":0},"end":{"line":9,"column":24}}},"fnMap":{"0":{"name":"validateRegisterInput","decl":{"start":{"line":9,"column":24},"end":{"line":9,"column":45}},"loc":{"start":{"line":13,"column":1},"end":{"line":43,"column":1}}}},"branchMap":{"0":{"loc":{"start":{"line":16,"column":46},"end":{"line":16,"column":60}},"type":"cond-expr","locations":[{"start":{"line":16,"column":46},"end":{"line":16,"column":60}},{"start":{"line":16,"column":63},"end":{"line":16,"column":65}}]},"1":{"loc":{"start":{"line":17,"column":38},"end":{"line":17,"column":48}},"type":"cond-expr","locations":[{"start":{"line":17,"column":38},"end":{"line":17,"column":48}},{"start":{"line":17,"column":51},"end":{"line":17,"column":53}}]},"2":{"loc":{"start":{"line":18,"column":44},"end":{"line":18,"column":57}},"type":"cond-expr","locations":[{"start":{"line":18,"column":44},"end":{"line":18,"column":57}},{"start":{"line":18,"column":60},"end":{"line":18,"column":62}}]},"3":{"loc":{"start":{"line":21,"column":2},"end":{"line":23,"column":null}},"type":"if","locations":[{"start":{"line":21,"column":2},"end":{"line":23,"column":null}},{"start":{"line":21,"column":2},"end":{"line":23,"column":null}}]},"4":{"loc":{"start":{"line":25,"column":2},"end":{"line":29,"column":null}},"type":"if","locations":[{"start":{"line":25,"column":2},"end":{"line":29,"column":null}},{"start":{"line":25,"column":2},"end":{"line":29,"column":null}}]},"5":{"loc":{"start":{"line":27,"column":9},"end":{"line":29,"column":null}},"type":"if","locations":[{"start":{"line":27,"column":9},"end":{"line":29,"column":null}},{"start":{"line":27,"column":9},"end":{"line":29,"column":null}}]},"6":{"loc":{"start":{"line":31,"column":2},"end":{"line":33,"column":null}},"type":"if","locations":[{"start":{"line":31,"column":2},"end":{"line":33,"column":null}},{"start":{"line":31,"column":2},"end":{"line":33,"column":null}}]},"7":{"loc":{"start":{"line":35,"column":2},"end":{"line":37,"column":null}},"type":"if","locations":[{"start":{"line":35,"column":2},"end":{"line":37,"column":null}},{"start":{"line":35,"column":2},"end":{"line":37,"column":null}}]}},"s":{"0":4,"1":4,"2":9,"3":9,"4":9,"5":9,"6":9,"7":1,"8":9,"9":0,"10":9,"11":0,"12":9,"13":0,"14":9,"15":0,"16":9,"17":4},"f":{"0":9},"b":{"0":[8,1],"1":[9,0],"2":[9,0],"3":[1,8],"4":[0,9],"5":[0,9],"6":[0,9],"7":[0,9]}}
,"/home/rostislav013/Documents/Integrigy/work/fast-track-5-typescript-men-boilerplate/src/config/keys.ts": {"path":"/home/rostislav013/Documents/Integrigy/work/fast-track-5-typescript-men-boilerplate/src/config/keys.ts","statementMap":{"0":{"start":{"line":1,"column":13},"end":{"line":1,"column":null}}},"fnMap":{},"branchMap":{},"s":{"0":4},"f":{},"b":{}}
,"/home/rostislav013/Documents/Integrigy/work/fast-track-5-typescript-men-boilerplate/src/controllers/book.ts": {"path":"/home/rostislav013/Documents/Integrigy/work/fast-track-5-typescript-men-boilerplate/src/controllers/book.ts","statementMap":{"0":{"start":{"line":3,"column":0},"end":{"line":3,"column":33}},"1":{"start":{"line":4,"column":0},"end":{"line":4,"column":42}},"2":{"start":{"line":5,"column":0},"end":{"line":5,"column":null}},"3":{"start":{"line":12,"column":13},"end":{"line":51,"column":null}},"4":{"start":{"line":16,"column":4},"end":{"line":51,"column":null}},"5":{"start":{"line":17,"column":2},"end":{"line":50,"column":null}},"6":{"start":{"line":28,"column":8},"end":{"line":28,"column":16}},"7":{"start":{"line":30,"column":17},"end":{"line":40,"column":6}},"8":{"start":{"line":42,"column":4},"end":{"line":42,"column":null}},"9":{"start":{"line":43,"column":4},"end":{"line":43,"column":null}},"10":{"start":{"line":45,"column":4},"end":{"line":49,"column":null}},"11":{"start":{"line":46,"column":6},"end":{"line":46,"column":null}},"12":{"start":{"line":48,"column":6},"end":{"line":48,"column":null}},"13":{"start":{"line":54,"column":13},"end":{"line":67,"column":null}},"14":{"start":{"line":58,"column":4},"end":{"line":67,"column":null}},"15":{"start":{"line":59,"column":2},"end":{"line":66,"column":null}},"16":{"start":{"line":60,"column":19},"end":{"line":60,"column":27}},"17":{"start":{"line":61,"column":19},"end":{"line":61,"column":36}},"18":{"start":{"line":62,"column":24},"end":{"line":62,"column":64}},"19":{"start":{"line":63,"column":4},"end":{"line":63,"column":null}},"20":{"start":{"line":65,"column":4},"end":{"line":65,"column":null}},"21":{"start":{"line":70,"column":13},"end":{"line":81,"column":null}},"22":{"start":{"line":74,"column":4},"end":{"line":81,"column":null}},"23":{"start":{"line":75,"column":2},"end":{"line":80,"column":null}},"24":{"start":{"line":76,"column":4},"end":{"line":76,"column":null}},"25":{"start":{"line":77,"column":4},"end":{"line":77,"column":null}},"26":{"start":{"line":79,"column":4},"end":{"line":79,"column":null}},"27":{"start":{"line":84,"column":13},"end":{"line":94,"column":null}},"28":{"start":{"line":88,"column":4},"end":{"line":94,"column":null}},"29":{"start":{"line":89,"column":2},"end":{"line":93,"column":null}},"30":{"start":{"line":90,"column":4},"end":{"line":90,"column":null}},"31":{"start":{"line":92,"column":4},"end":{"line":92,"column":null}},"32":{"start":{"line":97,"column":13},"end":{"line":107,"column":null}},"33":{"start":{"line":101,"column":4},"end":{"line":107,"column":null}},"34":{"start":{"line":102,"column":2},"end":{"line":106,"column":null}},"35":{"start":{"line":103,"column":4},"end":{"line":103,"column":null}},"36":{"start":{"line":105,"column":4},"end":{"line":105,"column":null}},"37":{"start":{"line":116,"column":13},"end":{"line":127,"column":null}},"38":{"start":{"line":120,"column":4},"end":{"line":127,"column":null}},"39":{"start":{"line":121,"column":2},"end":{"line":126,"column":null}},"40":{"start":{"line":122,"column":27},"end":{"line":122,"column":36}},"41":{"start":{"line":123,"column":4},"end":{"line":123,"column":null}},"42":{"start":{"line":125,"column":4},"end":{"line":125,"column":null}}},"fnMap":{"0":{"name":"(anonymous_8)","decl":{"start":{"line":12,"column":26},"end":{"line":12,"column":null}},"loc":{"start":{"line":16,"column":4},"end":{"line":51,"column":null}}},"1":{"name":"(anonymous_9)","decl":{"start":{"line":16,"column":4},"end":{"line":16,"column":null}},"loc":{"start":{"line":16,"column":4},"end":{"line":51,"column":1}}},"2":{"name":"(anonymous_10)","decl":{"start":{"line":54,"column":26},"end":{"line":54,"column":null}},"loc":{"start":{"line":58,"column":4},"end":{"line":67,"column":null}}},"3":{"name":"(anonymous_11)","decl":{"start":{"line":58,"column":4},"end":{"line":58,"column":null}},"loc":{"start":{"line":58,"column":4},"end":{"line":67,"column":1}}},"4":{"name":"(anonymous_12)","decl":{"start":{"line":70,"column":26},"end":{"line":70,"column":null}},"loc":{"start":{"line":74,"column":4},"end":{"line":81,"column":null}}},"5":{"name":"(anonymous_13)","decl":{"start":{"line":74,"column":4},"end":{"line":74,"column":null}},"loc":{"start":{"line":74,"column":4},"end":{"line":81,"column":1}}},"6":{"name":"(anonymous_14)","decl":{"start":{"line":84,"column":24},"end":{"line":84,"column":null}},"loc":{"start":{"line":88,"column":4},"end":{"line":94,"column":null}}},"7":{"name":"(anonymous_15)","decl":{"start":{"line":88,"column":4},"end":{"line":88,"column":null}},"loc":{"start":{"line":88,"column":4},"end":{"line":94,"column":1}}},"8":{"name":"(anonymous_16)","decl":{"start":{"line":97,"column":23},"end":{"line":97,"column":null}},"loc":{"start":{"line":101,"column":4},"end":{"line":107,"column":null}}},"9":{"name":"(anonymous_17)","decl":{"start":{"line":101,"column":4},"end":{"line":101,"column":null}},"loc":{"start":{"line":101,"column":4},"end":{"line":107,"column":1}}},"10":{"name":"(anonymous_18)","decl":{"start":{"line":116,"column":28},"end":{"line":116,"column":null}},"loc":{"start":{"line":120,"column":4},"end":{"line":127,"column":null}}},"11":{"name":"(anonymous_19)","decl":{"start":{"line":120,"column":4},"end":{"line":120,"column":null}},"loc":{"start":{"line":120,"column":4},"end":{"line":127,"column":1}}}},"branchMap":{"0":{"loc":{"start":{"line":45,"column":4},"end":{"line":49,"column":null}},"type":"if","locations":[{"start":{"line":45,"column":4},"end":{"line":49,"column":null}},{"start":{"line":45,"column":4},"end":{"line":49,"column":null}}]}},"s":{"0":4,"1":4,"2":4,"3":4,"4":15,"5":15,"6":15,"7":15,"8":15,"9":14,"10":1,"11":1,"12":0,"13":4,"14":1,"15":1,"16":1,"17":1,"18":1,"19":1,"20":0,"21":4,"22":1,"23":1,"24":1,"25":1,"26":0,"27":4,"28":3,"29":3,"30":3,"31":2,"32":4,"33":1,"34":1,"35":1,"36":0,"37":4,"38":11,"39":11,"40":11,"41":11,"42":0},"f":{"0":15,"1":15,"2":1,"3":1,"4":1,"5":1,"6":3,"7":3,"8":1,"9":1,"10":11,"11":11},"b":{"0":[1,0]}}
,"/home/rostislav013/Documents/Integrigy/work/fast-track-5-typescript-men-boilerplate/src/controllers/movie.ts": {"path":"/home/rostislav013/Documents/Integrigy/work/fast-track-5-typescript-men-boilerplate/src/controllers/movie.ts","statementMap":{"0":{"start":{"line":3,"column":0},"end":{"line":3,"column":35}},"1":{"start":{"line":4,"column":0},"end":{"line":4,"column":44}},"2":{"start":{"line":5,"column":0},"end":{"line":5,"column":null}},"3":{"start":{"line":12,"column":13},"end":{"line":37,"column":null}},"4":{"start":{"line":16,"column":4},"end":{"line":37,"column":null}},"5":{"start":{"line":17,"column":2},"end":{"line":36,"column":null}},"6":{"start":{"line":18,"column":66},"end":{"line":18,"column":74}},"7":{"start":{"line":20,"column":18},"end":{"line":26,"column":6}},"8":{"start":{"line":28,"column":4},"end":{"line":28,"column":null}},"9":{"start":{"line":29,"column":4},"end":{"line":29,"column":null}},"10":{"start":{"line":31,"column":4},"end":{"line":35,"column":null}},"11":{"start":{"line":32,"column":6},"end":{"line":32,"column":null}},"12":{"start":{"line":34,"column":6},"end":{"line":34,"column":null}},"13":{"start":{"line":40,"column":13},"end":{"line":53,"column":null}},"14":{"start":{"line":44,"column":4},"end":{"line":53,"column":null}},"15":{"start":{"line":45,"column":2},"end":{"line":52,"column":null}},"16":{"start":{"line":46,"column":19},"end":{"line":46,"column":27}},"17":{"start":{"line":47,"column":20},"end":{"line":47,"column":38}},"18":{"start":{"line":48,"column":25},"end":{"line":48,"column":67}},"19":{"start":{"line":49,"column":4},"end":{"line":49,"column":null}},"20":{"start":{"line":51,"column":4},"end":{"line":51,"column":null}},"21":{"start":{"line":56,"column":13},"end":{"line":67,"column":null}},"22":{"start":{"line":60,"column":4},"end":{"line":67,"column":null}},"23":{"start":{"line":61,"column":2},"end":{"line":66,"column":null}},"24":{"start":{"line":62,"column":4},"end":{"line":62,"column":null}},"25":{"start":{"line":63,"column":4},"end":{"line":63,"column":null}},"26":{"start":{"line":65,"column":4},"end":{"line":65,"column":null}},"27":{"start":{"line":70,"column":13},"end":{"line":80,"column":null}},"28":{"start":{"line":74,"column":4},"end":{"line":80,"column":null}},"29":{"start":{"line":75,"column":2},"end":{"line":79,"column":null}},"30":{"start":{"line":76,"column":4},"end":{"line":76,"column":null}},"31":{"start":{"line":78,"column":4},"end":{"line":78,"column":null}},"32":{"start":{"line":83,"column":13},"end":{"line":93,"column":null}},"33":{"start":{"line":87,"column":4},"end":{"line":93,"column":null}},"34":{"start":{"line":88,"column":2},"end":{"line":92,"column":null}},"35":{"start":{"line":89,"column":4},"end":{"line":89,"column":null}},"36":{"start":{"line":91,"column":4},"end":{"line":91,"column":null}}},"fnMap":{"0":{"name":"(anonymous_8)","decl":{"start":{"line":12,"column":27},"end":{"line":12,"column":null}},"loc":{"start":{"line":16,"column":4},"end":{"line":37,"column":null}}},"1":{"name":"(anonymous_9)","decl":{"start":{"line":16,"column":4},"end":{"line":16,"column":null}},"loc":{"start":{"line":16,"column":4},"end":{"line":37,"column":1}}},"2":{"name":"(anonymous_10)","decl":{"start":{"line":40,"column":27},"end":{"line":40,"column":null}},"loc":{"start":{"line":44,"column":4},"end":{"line":53,"column":null}}},"3":{"name":"(anonymous_11)","decl":{"start":{"line":44,"column":4},"end":{"line":44,"column":null}},"loc":{"start":{"line":44,"column":4},"end":{"line":53,"column":1}}},"4":{"name":"(anonymous_12)","decl":{"start":{"line":56,"column":27},"end":{"line":56,"column":null}},"loc":{"start":{"line":60,"column":4},"end":{"line":67,"column":null}}},"5":{"name":"(anonymous_13)","decl":{"start":{"line":60,"column":4},"end":{"line":60,"column":null}},"loc":{"start":{"line":60,"column":4},"end":{"line":67,"column":1}}},"6":{"name":"(anonymous_14)","decl":{"start":{"line":70,"column":24},"end":{"line":70,"column":null}},"loc":{"start":{"line":74,"column":4},"end":{"line":80,"column":null}}},"7":{"name":"(anonymous_15)","decl":{"start":{"line":74,"column":4},"end":{"line":74,"column":null}},"loc":{"start":{"line":74,"column":4},"end":{"line":80,"column":1}}},"8":{"name":"(anonymous_16)","decl":{"start":{"line":83,"column":23},"end":{"line":83,"column":null}},"loc":{"start":{"line":87,"column":4},"end":{"line":93,"column":null}}},"9":{"name":"(anonymous_17)","decl":{"start":{"line":87,"column":4},"end":{"line":87,"column":null}},"loc":{"start":{"line":87,"column":4},"end":{"line":93,"column":1}}}},"branchMap":{"0":{"loc":{"start":{"line":31,"column":4},"end":{"line":35,"column":null}},"type":"if","locations":[{"start":{"line":31,"column":4},"end":{"line":35,"column":null}},{"start":{"line":31,"column":4},"end":{"line":35,"column":null}}]}},"s":{"0":4,"1":4,"2":4,"3":4,"4":7,"5":7,"6":7,"7":7,"8":7,"9":6,"10":1,"11":1,"12":0,"13":4,"14":1,"15":1,"16":1,"17":1,"18":1,"19":1,"20":0,"21":4,"22":1,"23":1,"24":1,"25":1,"26":0,"27":4,"28":3,"29":3,"30":3,"31":2,"32":4,"33":1,"34":1,"35":1,"36":0},"f":{"0":7,"1":7,"2":1,"3":1,"4":1,"5":1,"6":3,"7":3,"8":1,"9":1},"b":{"0":[1,0]}}
,"/home/rostislav013/Documents/Integrigy/work/fast-track-5-typescript-men-boilerplate/src/controllers/user.ts": {"path":"/home/rostislav013/Documents/Integrigy/work/fast-track-5-typescript-men-boilerplate/src/controllers/user.ts","statementMap":{"0":{"start":{"line":2,"column":0},"end":{"line":2,"column":29}},"1":{"start":{"line":3,"column":0},"end":{"line":3,"column":30}},"2":{"start":{"line":5,"column":0},"end":{"line":5,"column":33}},"3":{"start":{"line":6,"column":0},"end":{"line":6,"column":42}},"4":{"start":{"line":7,"column":0},"end":{"line":7,"column":58}},"5":{"start":{"line":8,"column":0},"end":{"line":8,"column":44}},"6":{"start":{"line":9,"column":0},"end":{"line":9,"column":52}},"7":{"start":{"line":10,"column":0},"end":{"line":10,"column":null}},"8":{"start":{"line":17,"column":13},"end":{"line":70,"column":null}},"9":{"start":{"line":21,"column":4},"end":{"line":70,"column":null}},"10":{"start":{"line":22,"column":2},"end":{"line":69,"column":null}},"11":{"start":{"line":30,"column":8},"end":{"line":30,"column":16}},"12":{"start":{"line":32,"column":25},"end":{"line":32,"column":35}},"13":{"start":{"line":33,"column":17},"end":{"line":41,"column":6}},"14":{"start":{"line":42,"column":32},"end":{"line":42,"column":63}},"15":{"start":{"line":44,"column":4},"end":{"line":46,"column":null}},"16":{"start":{"line":45,"column":6},"end":{"line":45,"column":null}},"17":{"start":{"line":47,"column":4},"end":{"line":62,"column":null}},"18":{"start":{"line":49,"column":6},"end":{"line":61,"column":null}},"19":{"start":{"line":50,"column":8},"end":{"line":50,"column":null}},"20":{"start":{"line":53,"column":8},"end":{"line":60,"column":null}},"21":{"start":{"line":54,"column":10},"end":{"line":59,"column":null}},"22":{"start":{"line":54,"column":63},"end":{"line":59,"column":12}},"23":{"start":{"line":55,"column":12},"end":{"line":55,"column":null}},"24":{"start":{"line":55,"column":21},"end":{"line":55,"column":null}},"25":{"start":{"line":56,"column":12},"end":{"line":56,"column":null}},"26":{"start":{"line":57,"column":12},"end":{"line":57,"column":43}},"27":{"start":{"line":58,"column":12},"end":{"line":58,"column":null}},"28":{"start":{"line":64,"column":4},"end":{"line":68,"column":null}},"29":{"start":{"line":65,"column":6},"end":{"line":65,"column":null}},"30":{"start":{"line":67,"column":6},"end":{"line":67,"column":null}},"31":{"start":{"line":73,"column":13},"end":{"line":88,"column":null}},"32":{"start":{"line":77,"column":4},"end":{"line":88,"column":null}},"33":{"start":{"line":78,"column":2},"end":{"line":87,"column":null}},"34":{"start":{"line":79,"column":19},"end":{"line":79,"column":27}},"35":{"start":{"line":80,"column":19},"end":{"line":80,"column":36}},"36":{"start":{"line":81,"column":21},"end":{"line":81,"column":29}},"37":{"start":{"line":83,"column":24},"end":{"line":83,"column":74}},"38":{"start":{"line":84,"column":4},"end":{"line":84,"column":null}},"39":{"start":{"line":86,"column":4},"end":{"line":86,"column":null}},"40":{"start":{"line":91,"column":13},"end":{"line":136,"column":null}},"41":{"start":{"line":91,"column":63},"end":{"line":136,"column":null}},"42":{"start":{"line":92,"column":30},"end":{"line":92,"column":58}},"43":{"start":{"line":95,"column":2},"end":{"line":97,"column":null}},"44":{"start":{"line":96,"column":4},"end":{"line":96,"column":null}},"45":{"start":{"line":98,"column":16},"end":{"line":98,"column":30}},"46":{"start":{"line":99,"column":38},"end":{"line":99,"column":55}},"47":{"start":{"line":101,"column":2},"end":{"line":135,"column":null}},"48":{"start":{"line":103,"column":4},"end":{"line":105,"column":null}},"49":{"start":{"line":104,"column":6},"end":{"line":104,"column":null}},"50":{"start":{"line":108,"column":4},"end":{"line":134,"column":null}},"51":{"start":{"line":109,"column":6},"end":{"line":133,"column":null}},"52":{"start":{"line":111,"column":24},"end":{"line":116,"column":null}},"53":{"start":{"line":118,"column":8},"end":{"line":130,"column":null}},"54":{"start":{"line":125,"column":12},"end":{"line":128,"column":null}},"55":{"start":{"line":132,"column":8},"end":{"line":132,"column":null}},"56":{"start":{"line":139,"column":13},"end":{"line":150,"column":null}},"57":{"start":{"line":143,"column":4},"end":{"line":150,"column":null}},"58":{"start":{"line":144,"column":2},"end":{"line":149,"column":null}},"59":{"start":{"line":145,"column":4},"end":{"line":145,"column":null}},"60":{"start":{"line":146,"column":4},"end":{"line":146,"column":null}},"61":{"start":{"line":148,"column":4},"end":{"line":148,"column":null}},"62":{"start":{"line":153,"column":13},"end":{"line":163,"column":null}},"63":{"start":{"line":157,"column":4},"end":{"line":163,"column":null}},"64":{"start":{"line":158,"column":2},"end":{"line":162,"column":null}},"65":{"start":{"line":159,"column":4},"end":{"line":159,"column":null}},"66":{"start":{"line":161,"column":4},"end":{"line":161,"column":null}},"67":{"start":{"line":166,"column":13},"end":{"line":176,"column":null}},"68":{"start":{"line":170,"column":4},"end":{"line":176,"column":null}},"69":{"start":{"line":171,"column":2},"end":{"line":175,"column":null}},"70":{"start":{"line":172,"column":4},"end":{"line":172,"column":null}},"71":{"start":{"line":174,"column":4},"end":{"line":174,"column":null}}},"fnMap":{"0":{"name":"(anonymous_8)","decl":{"start":{"line":17,"column":26},"end":{"line":17,"column":null}},"loc":{"start":{"line":21,"column":4},"end":{"line":70,"column":null}}},"1":{"name":"(anonymous_9)","decl":{"start":{"line":21,"column":4},"end":{"line":21,"column":null}},"loc":{"start":{"line":21,"column":4},"end":{"line":70,"column":1}}},"2":{"name":"(anonymous_10)","decl":{"start":{"line":47,"column":55},"end":{"line":47,"column":56}},"loc":{"start":{"line":47,"column":66},"end":{"line":62,"column":5}}},"3":{"name":"(anonymous_11)","decl":{"start":{"line":53,"column":27},"end":{"line":53,"column":28}},"loc":{"start":{"line":53,"column":41},"end":{"line":60,"column":9}}},"4":{"name":"(anonymous_12)","decl":{"start":{"line":54,"column":43},"end":{"line":54,"column":50}},"loc":{"start":{"line":54,"column":63},"end":{"line":59,"column":12}}},"5":{"name":"(anonymous_13)","decl":{"start":{"line":54,"column":63},"end":{"line":54,"column":null}},"loc":{"start":{"line":54,"column":63},"end":{"line":59,"column":11}}},"6":{"name":"(anonymous_14)","decl":{"start":{"line":73,"column":26},"end":{"line":73,"column":null}},"loc":{"start":{"line":77,"column":4},"end":{"line":88,"column":null}}},"7":{"name":"(anonymous_15)","decl":{"start":{"line":77,"column":4},"end":{"line":77,"column":null}},"loc":{"start":{"line":77,"column":4},"end":{"line":88,"column":1}}},"8":{"name":"(anonymous_16)","decl":{"start":{"line":91,"column":25},"end":{"line":91,"column":32}},"loc":{"start":{"line":91,"column":63},"end":{"line":136,"column":null}}},"9":{"name":"(anonymous_17)","decl":{"start":{"line":91,"column":63},"end":{"line":91,"column":null}},"loc":{"start":{"line":91,"column":63},"end":{"line":136,"column":1}}},"10":{"name":"(anonymous_18)","decl":{"start":{"line":101,"column":31},"end":{"line":101,"column":32}},"loc":{"start":{"line":101,"column":40},"end":{"line":135,"column":3}}},"11":{"name":"(anonymous_19)","decl":{"start":{"line":108,"column":60},"end":{"line":108,"column":61}},"loc":{"start":{"line":108,"column":71},"end":{"line":134,"column":5}}},"12":{"name":"(anonymous_20)","decl":{"start":{"line":124,"column":10},"end":{"line":124,"column":11}},"loc":{"start":{"line":124,"column":25},"end":{"line":129,"column":11}}},"13":{"name":"(anonymous_21)","decl":{"start":{"line":139,"column":26},"end":{"line":139,"column":null}},"loc":{"start":{"line":143,"column":4},"end":{"line":150,"column":null}}},"14":{"name":"(anonymous_22)","decl":{"start":{"line":143,"column":4},"end":{"line":143,"column":null}},"loc":{"start":{"line":143,"column":4},"end":{"line":150,"column":1}}},"15":{"name":"(anonymous_23)","decl":{"start":{"line":153,"column":24},"end":{"line":153,"column":null}},"loc":{"start":{"line":157,"column":4},"end":{"line":163,"column":null}}},"16":{"name":"(anonymous_24)","decl":{"start":{"line":157,"column":4},"end":{"line":157,"column":null}},"loc":{"start":{"line":157,"column":4},"end":{"line":163,"column":1}}},"17":{"name":"(anonymous_25)","decl":{"start":{"line":166,"column":23},"end":{"line":166,"column":null}},"loc":{"start":{"line":170,"column":4},"end":{"line":176,"column":null}}},"18":{"name":"(anonymous_26)","decl":{"start":{"line":170,"column":4},"end":{"line":170,"column":null}},"loc":{"start":{"line":170,"column":4},"end":{"line":176,"column":1}}}},"branchMap":{"0":{"loc":{"start":{"line":44,"column":4},"end":{"line":46,"column":null}},"type":"if","locations":[{"start":{"line":44,"column":4},"end":{"line":46,"column":null}},{"start":{"line":44,"column":4},"end":{"line":46,"column":null}}]},"1":{"loc":{"start":{"line":49,"column":6},"end":{"line":61,"column":null}},"type":"if","locations":[{"start":{"line":49,"column":6},"end":{"line":61,"column":null}},{"start":{"line":49,"column":6},"end":{"line":61,"column":null}}]},"2":{"loc":{"start":{"line":55,"column":12},"end":{"line":55,"column":null}},"type":"if","locations":[{"start":{"line":55,"column":12},"end":{"line":55,"column":null}},{"start":{"line":55,"column":12},"end":{"line":55,"column":null}}]},"3":{"loc":{"start":{"line":64,"column":4},"end":{"line":68,"column":null}},"type":"if","locations":[{"start":{"line":64,"column":4},"end":{"line":68,"column":null}},{"start":{"line":64,"column":4},"end":{"line":68,"column":null}}]},"4":{"loc":{"start":{"line":95,"column":2},"end":{"line":97,"column":null}},"type":"if","locations":[{"start":{"line":95,"column":2},"end":{"line":97,"column":null}},{"start":{"line":95,"column":2},"end":{"line":97,"column":null}}]},"5":{"loc":{"start":{"line":103,"column":4},"end":{"line":105,"column":null}},"type":"if","locations":[{"start":{"line":103,"column":4},"end":{"line":105,"column":null}},{"start":{"line":103,"column":4},"end":{"line":105,"column":null}}]},"6":{"loc":{"start":{"line":109,"column":6},"end":{"line":133,"column":null}},"type":"if","locations":[{"start":{"line":109,"column":6},"end":{"line":133,"column":null}},{"start":{"line":109,"column":6},"end":{"line":133,"column":null}}]}},"s":{"0":4,"1":4,"2":4,"3":4,"4":4,"5":4,"6":4,"7":4,"8":4,"9":9,"10":9,"11":9,"12":9,"13":9,"14":9,"15":9,"16":1,"17":8,"18":8,"19":0,"20":8,"21":8,"22":8,"23":8,"24":0,"25":8,"26":8,"27":8,"28":0,"29":0,"30":0,"31":4,"32":0,"33":0,"34":0,"35":0,"36":0,"37":0,"38":0,"39":0,"40":4,"41":3,"42":3,"43":3,"44":0,"45":3,"46":3,"47":3,"48":3,"49":1,"50":2,"51":2,"52":1,"53":1,"54":1,"55":1,"56":4,"57":1,"58":1,"59":1,"60":1,"61":0,"62":4,"63":3,"64":3,"65":3,"66":2,"67":4,"68":1,"69":1,"70":1,"71":0},"f":{"0":9,"1":9,"2":8,"3":8,"4":8,"5":8,"6":0,"7":0,"8":3,"9":3,"10":3,"11":2,"12":1,"13":1,"14":1,"15":3,"16":3,"17":1,"18":1},"b":{"0":[1,8],"1":[0,8],"2":[0,8],"3":[0,0],"4":[0,3],"5":[1,2],"6":[1,1]}}
,"/home/rostislav013/Documents/Integrigy/work/fast-track-5-typescript-men-boilerplate/src/helpers/apiError.ts": {"path":"/home/rostislav013/Documents/Integrigy/work/fast-track-5-typescript-men-boilerplate/src/helpers/apiError.ts","statementMap":{"0":{"start":{"line":7,"column":4},"end":{"line":7,"column":null}},"1":{"start":{"line":3,"column":13},"end":{"line":3,"column":31}},"2":{"start":{"line":4,"column":13},"end":{"line":4,"column":28}},"3":{"start":{"line":5,"column":13},"end":{"line":5,"column":27}},"4":{"start":{"line":1,"column":0},"end":{"line":1,"column":21}},"5":{"start":{"line":13,"column":4},"end":{"line":13,"column":null}},"6":{"start":{"line":12,"column":23},"end":{"line":12,"column":41}},"7":{"start":{"line":11,"column":0},"end":{"line":11,"column":13}},"8":{"start":{"line":19,"column":4},"end":{"line":19,"column":null}},"9":{"start":{"line":18,"column":23},"end":{"line":18,"column":41}},"10":{"start":{"line":17,"column":0},"end":{"line":17,"column":13}},"11":{"start":{"line":28,"column":4},"end":{"line":28,"column":null}},"12":{"start":{"line":25,"column":13},"end":{"line":25,"column":31}},"13":{"start":{"line":23,"column":0},"end":{"line":23,"column":13}},"14":{"start":{"line":37,"column":4},"end":{"line":37,"column":null}},"15":{"start":{"line":34,"column":13},"end":{"line":34,"column":31}},"16":{"start":{"line":32,"column":0},"end":{"line":32,"column":13}},"17":{"start":{"line":43,"column":4},"end":{"line":43,"column":null}},"18":{"start":{"line":42,"column":23},"end":{"line":42,"column":41}},"19":{"start":{"line":41,"column":0},"end":{"line":41,"column":13}}},"fnMap":{"0":{"name":"(anonymous_0)","decl":{"start":{"line":2,"column":2},"end":{"line":2,"column":null}},"loc":{"start":{"line":5,"column":27},"end":{"line":8,"column":3}}},"1":{"name":"(anonymous_1)","decl":{"start":{"line":12,"column":2},"end":{"line":12,"column":23}},"loc":{"start":{"line":12,"column":68},"end":{"line":14,"column":3}}},"2":{"name":"(anonymous_2)","decl":{"start":{"line":18,"column":2},"end":{"line":18,"column":23}},"loc":{"start":{"line":18,"column":68},"end":{"line":20,"column":3}}},"3":{"name":"(anonymous_3)","decl":{"start":{"line":24,"column":2},"end":{"line":24,"column":null}},"loc":{"start":{"line":26,"column":18},"end":{"line":29,"column":3}}},"4":{"name":"(anonymous_4)","decl":{"start":{"line":33,"column":2},"end":{"line":33,"column":null}},"loc":{"start":{"line":35,"column":18},"end":{"line":38,"column":3}}},"5":{"name":"(anonymous_5)","decl":{"start":{"line":42,"column":2},"end":{"line":42,"column":23}},"loc":{"start":{"line":42,"column":70},"end":{"line":44,"column":3}}}},"branchMap":{"0":{"loc":{"start":{"line":12,"column":41},"end":{"line":12,"column":52}},"type":"default-arg","locations":[{"start":{"line":12,"column":41},"end":{"line":12,"column":52}}]},"1":{"loc":{"start":{"line":18,"column":41},"end":{"line":18,"column":52}},"type":"default-arg","locations":[{"start":{"line":18,"column":41},"end":{"line":18,"column":52}}]},"2":{"loc":{"start":{"line":25,"column":31},"end":{"line":25,"column":54}},"type":"default-arg","locations":[{"start":{"line":25,"column":31},"end":{"line":25,"column":54}}]},"3":{"loc":{"start":{"line":34,"column":31},"end":{"line":34,"column":53}},"type":"default-arg","locations":[{"start":{"line":34,"column":31},"end":{"line":34,"column":53}}]},"4":{"loc":{"start":{"line":42,"column":41},"end":{"line":42,"column":54}},"type":"default-arg","locations":[{"start":{"line":42,"column":41},"end":{"line":42,"column":54}}]}},"s":{"0":8,"1":8,"2":8,"3":8,"4":4,"5":6,"6":6,"7":4,"8":0,"9":0,"10":4,"11":0,"12":0,"13":4,"14":0,"15":0,"16":4,"17":2,"18":2,"19":4},"f":{"0":8,"1":6,"2":0,"3":0,"4":0,"5":2},"b":{"0":[0],"1":[0],"2":[0],"3":[0],"4":[0]}}
,"/home/rostislav013/Documents/Integrigy/work/fast-track-5-typescript-men-boilerplate/src/middlewares/apiErrorHandler.ts": {"path":"/home/rostislav013/Documents/Integrigy/work/fast-track-5-typescript-men-boilerplate/src/middlewares/apiErrorHandler.ts","statementMap":{"0":{"start":{"line":4,"column":0},"end":{"line":4,"column":35}},"1":{"start":{"line":12,"column":2},"end":{"line":14,"column":null}},"2":{"start":{"line":13,"column":4},"end":{"line":13,"column":null}},"3":{"start":{"line":16,"column":2},"end":{"line":20,"column":null}},"4":{"start":{"line":6,"column":0},"end":{"line":6,"column":null}}},"fnMap":{"0":{"name":"default_1","decl":{"start":{"line":6,"column":0},"end":{"line":6,"column":null}},"loc":{"start":{"line":10,"column":20},"end":{"line":21,"column":1}}}},"branchMap":{"0":{"loc":{"start":{"line":12,"column":2},"end":{"line":14,"column":null}},"type":"if","locations":[{"start":{"line":12,"column":2},"end":{"line":14,"column":null}},{"start":{"line":12,"column":2},"end":{"line":14,"column":null}}]}},"s":{"0":4,"1":8,"2":8,"3":8,"4":4},"f":{"0":8},"b":{"0":[8,0]}}
,"/home/rostislav013/Documents/Integrigy/work/fast-track-5-typescript-men-boilerplate/src/middlewares/auth.ts": {"path":"/home/rostislav013/Documents/Integrigy/work/fast-track-5-typescript-men-boilerplate/src/middlewares/auth.ts","statementMap":{"0":{"start":{"line":1,"column":0},"end":{"line":1,"column":44}},"1":{"start":{"line":2,"column":0},"end":{"line":2,"column":30}},"2":{"start":{"line":5,"column":26},"end":{"line":5,"column":50}},"3":{"start":{"line":7,"column":4},"end":{"line":11,"column":null}},"4":{"start":{"line":8,"column":8},"end":{"line":10,"column":null}},"5":{"start":{"line":12,"column":4},"end":{"line":19,"column":null}},"6":{"start":{"line":13,"column":24},"end":{"line":13,"column":63}},"7":{"start":{"line":14,"column":8},"end":{"line":14,"column":null}},"8":{"start":{"line":15,"column":8},"end":{"line":15,"column":null}},"9":{"start":{"line":17,"column":8},"end":{"line":17,"column":null}},"10":{"start":{"line":18,"column":8},"end":{"line":18,"column":null}},"11":{"start":{"line":23,"column":0},"end":{"line":23,"column":null}}},"fnMap":{"0":{"name":"auth","decl":{"start":{"line":4,"column":9},"end":{"line":4,"column":13}},"loc":{"start":{"line":4,"column":43},"end":{"line":21,"column":1}}}},"branchMap":{"0":{"loc":{"start":{"line":7,"column":4},"end":{"line":11,"column":null}},"type":"if","locations":[{"start":{"line":7,"column":4},"end":{"line":11,"column":null}},{"start":{"line":7,"column":4},"end":{"line":11,"column":null}}]}},"s":{"0":4,"1":4,"2":1,"3":1,"4":1,"5":0,"6":0,"7":0,"8":0,"9":0,"10":0,"11":4},"f":{"0":1},"b":{"0":[1,0]}}
,"/home/rostislav013/Documents/Integrigy/work/fast-track-5-typescript-men-boilerplate/src/models/Book.ts": {"path":"/home/rostislav013/Documents/Integrigy/work/fast-track-5-typescript-men-boilerplate/src/models/Book.ts","statementMap":{"0":{"start":{"line":1,"column":0},"end":{"line":1,"column":45}},"1":{"start":{"line":22,"column":19},"end":{"line":64,"column":2}},"2":{"start":{"line":66,"column":0},"end":{"line":66,"column":null}}},"fnMap":{},"branchMap":{},"s":{"0":5,"1":5,"2":5},"f":{},"b":{}}
,"/home/rostislav013/Documents/Integrigy/work/fast-track-5-typescript-men-boilerplate/src/models/Movie.ts": {"path":"/home/rostislav013/Documents/Integrigy/work/fast-track-5-typescript-men-boilerplate/src/models/Movie.ts","statementMap":{"0":{"start":{"line":1,"column":0},"end":{"line":1,"column":45}},"1":{"start":{"line":12,"column":20},"end":{"line":33,"column":2}},"2":{"start":{"line":35,"column":0},"end":{"line":35,"column":null}}},"fnMap":{},"branchMap":{},"s":{"0":5,"1":5,"2":5},"f":{},"b":{}}
,"/home/rostislav013/Documents/Integrigy/work/fast-track-5-typescript-men-boilerplate/src/models/User.ts": {"path":"/home/rostislav013/Documents/Integrigy/work/fast-track-5-typescript-men-boilerplate/src/models/User.ts","statementMap":{"0":{"start":{"line":1,"column":0},"end":{"line":1,"column":45}},"1":{"start":{"line":20,"column":19},"end":{"line":61,"column":2}},"2":{"start":{"line":63,"column":0},"end":{"line":63,"column":null}}},"fnMap":{},"branchMap":{},"s":{"0":4,"1":4,"2":4},"f":{},"b":{}}
,"/home/rostislav013/Documents/Integrigy/work/fast-track-5-typescript-men-boilerplate/src/routers/book.ts": {"path":"/home/rostislav013/Documents/Integrigy/work/fast-track-5-typescript-men-boilerplate/src/routers/book.ts","statementMap":{"0":{"start":{"line":1,"column":0},"end":{"line":1,"column":29}},"1":{"start":{"line":3,"column":0},"end":{"line":3,"column":null}},"2":{"start":{"line":12,"column":15},"end":{"line":12,"column":31}},"3":{"start":{"line":15,"column":0},"end":{"line":15,"column":null}},"4":{"start":{"line":16,"column":0},"end":{"line":16,"column":null}},"5":{"start":{"line":17,"column":0},"end":{"line":17,"column":null}},"6":{"start":{"line":18,"column":0},"end":{"line":18,"column":null}},"7":{"start":{"line":19,"column":0},"end":{"line":19,"column":null}},"8":{"start":{"line":20,"column":0},"end":{"line":20,"column":null}},"9":{"start":{"line":22,"column":0},"end":{"line":22,"column":null}}},"fnMap":{},"branchMap":{},"s":{"0":4,"1":4,"2":4,"3":4,"4":4,"5":4,"6":4,"7":4,"8":4,"9":4},"f":{},"b":{}}
,"/home/rostislav013/Documents/Integrigy/work/fast-track-5-typescript-men-boilerplate/src/routers/movie.ts": {"path":"/home/rostislav013/Documents/Integrigy/work/fast-track-5-typescript-men-boilerplate/src/routers/movie.ts","statementMap":{"0":{"start":{"line":1,"column":0},"end":{"line":1,"column":29}},"1":{"start":{"line":3,"column":0},"end":{"line":3,"column":null}},"2":{"start":{"line":11,"column":15},"end":{"line":11,"column":31}},"3":{"start":{"line":14,"column":0},"end":{"line":14,"column":null}},"4":{"start":{"line":15,"column":0},"end":{"line":15,"column":null}},"5":{"start":{"line":16,"column":0},"end":{"line":16,"column":null}},"6":{"start":{"line":17,"column":0},"end":{"line":17,"column":null}},"7":{"start":{"line":18,"column":0},"end":{"line":18,"column":null}},"8":{"start":{"line":20,"column":0},"end":{"line":20,"column":null}}},"fnMap":{},"branchMap":{},"s":{"0":4,"1":4,"2":4,"3":4,"4":4,"5":4,"6":4,"7":4,"8":4},"f":{},"b":{}}
,"/home/rostislav013/Documents/Integrigy/work/fast-track-5-typescript-men-boilerplate/src/routers/user.ts": {"path":"/home/rostislav013/Documents/Integrigy/work/fast-track-5-typescript-men-boilerplate/src/routers/user.ts","statementMap":{"0":{"start":{"line":1,"column":0},"end":{"line":1,"column":29}},"1":{"start":{"line":2,"column":0},"end":{"line":2,"column":38}},"2":{"start":{"line":4,"column":0},"end":{"line":4,"column":null}},"3":{"start":{"line":13,"column":15},"end":{"line":13,"column":31}},"4":{"start":{"line":16,"column":0},"end":{"line":16,"column":null}},"5":{"start":{"line":17,"column":0},"end":{"line":17,"column":null}},"6":{"start":{"line":18,"column":0},"end":{"line":18,"column":null}},"7":{"start":{"line":19,"column":0},"end":{"line":19,"column":null}},"8":{"start":{"line":20,"column":0},"end":{"line":20,"column":null}},"9":{"start":{"line":21,"column":0},"end":{"line":21,"column":null}},"10":{"start":{"line":23,"column":0},"end":{"line":23,"column":null}}},"fnMap":{},"branchMap":{},"s":{"0":4,"1":4,"2":4,"3":4,"4":4,"5":4,"6":4,"7":4,"8":4,"9":4,"10":4},"f":{},"b":{}}
,"/home/rostislav013/Documents/Integrigy/work/fast-track-5-typescript-men-boilerplate/src/services/book.ts": {"path":"/home/rostislav013/Documents/Integrigy/work/fast-track-5-typescript-men-boilerplate/src/services/book.ts","statementMap":{"0":{"start":{"line":1,"column":0},"end":{"line":1,"column":51}},"1":{"start":{"line":5,"column":2},"end":{"line":5,"column":null}},"2":{"start":{"line":9,"column":2},"end":{"line":16,"column":null}},"3":{"start":{"line":12,"column":6},"end":{"line":14,"column":null}},"4":{"start":{"line":13,"column":8},"end":{"line":13,"column":null}},"5":{"start":{"line":15,"column":6},"end":{"line":15,"column":null}},"6":{"start":{"line":20,"column":2},"end":{"line":20,"column":66}},"7":{"start":{"line":27,"column":2},"end":{"line":61,"column":null}},"8":{"start":{"line":30,"column":6},"end":{"line":32,"column":null}},"9":{"start":{"line":31,"column":8},"end":{"line":31,"column":null}},"10":{"start":{"line":33,"column":6},"end":{"line":35,"column":null}},"11":{"start":{"line":34,"column":8},"end":{"line":34,"column":null}},"12":{"start":{"line":36,"column":6},"end":{"line":38,"column":null}},"13":{"start":{"line":37,"column":8},"end":{"line":37,"column":null}},"14":{"start":{"line":39,"column":6},"end":{"line":41,"column":null}},"15":{"start":{"line":40,"column":8},"end":{"line":40,"column":null}},"16":{"start":{"line":42,"column":6},"end":{"line":44,"column":null}},"17":{"start":{"line":43,"column":8},"end":{"line":43,"column":null}},"18":{"start":{"line":45,"column":6},"end":{"line":47,"column":null}},"19":{"start":{"line":46,"column":8},"end":{"line":46,"column":null}},"20":{"start":{"line":48,"column":6},"end":{"line":50,"column":null}},"21":{"start":{"line":49,"column":8},"end":{"line":49,"column":null}},"22":{"start":{"line":51,"column":6},"end":{"line":53,"column":null}},"23":{"start":{"line":52,"column":8},"end":{"line":52,"column":null}},"24":{"start":{"line":54,"column":6},"end":{"line":56,"column":null}},"25":{"start":{"line":55,"column":8},"end":{"line":55,"column":null}},"26":{"start":{"line":57,"column":6},"end":{"line":59,"column":null}},"27":{"start":{"line":58,"column":8},"end":{"line":58,"column":null}},"28":{"start":{"line":60,"column":6},"end":{"line":60,"column":null}},"29":{"start":{"line":65,"column":2},"end":{"line":65,"column":null}},"30":{"start":{"line":77,"column":2},"end":{"line":79,"column":null}},"31":{"start":{"line":80,"column":2},"end":{"line":82,"column":null}},"32":{"start":{"line":83,"column":2},"end":{"line":83,"column":null}},"33":{"start":{"line":84,"column":2},"end":{"line":86,"column":null}},"34":{"start":{"line":88,"column":2},"end":{"line":95,"column":null}},"35":{"start":{"line":91,"column":6},"end":{"line":93,"column":null}},"36":{"start":{"line":92,"column":8},"end":{"line":92,"column":null}},"37":{"start":{"line":94,"column":6},"end":{"line":94,"column":null}},"38":{"start":{"line":98,"column":0},"end":{"line":105,"column":null}}},"fnMap":{"0":{"name":"create","decl":{"start":{"line":3,"column":9},"end":{"line":3,"column":15}},"loc":{"start":{"line":3,"column":34},"end":{"line":6,"column":1}}},"1":{"name":"findById","decl":{"start":{"line":8,"column":9},"end":{"line":8,"column":17}},"loc":{"start":{"line":8,"column":32},"end":{"line":17,"column":1}}},"2":{"name":"(anonymous_3)","decl":{"start":{"line":11,"column":10},"end":{"line":11,"column":11}},"loc":{"start":{"line":11,"column":19},"end":{"line":16,"column":5}}},"3":{"name":"findAll","decl":{"start":{"line":19,"column":9},"end":{"line":19,"column":16}},"loc":{"start":{"line":19,"column":16},"end":{"line":21,"column":1}}},"4":{"name":"update","decl":{"start":{"line":23,"column":9},"end":{"line":23,"column":15}},"loc":{"start":{"line":25,"column":31},"end":{"line":62,"column":1}}},"5":{"name":"(anonymous_6)","decl":{"start":{"line":29,"column":10},"end":{"line":29,"column":11}},"loc":{"start":{"line":29,"column":19},"end":{"line":61,"column":5}}},"6":{"name":"deleteBook","decl":{"start":{"line":64,"column":9},"end":{"line":64,"column":19}},"loc":{"start":{"line":64,"column":34},"end":{"line":66,"column":1}}},"7":{"name":"findByQuery","decl":{"start":{"line":75,"column":9},"end":{"line":75,"column":20}},"loc":{"start":{"line":75,"column":35},"end":{"line":96,"column":1}}},"8":{"name":"(anonymous_9)","decl":{"start":{"line":90,"column":10},"end":{"line":90,"column":11}},"loc":{"start":{"line":90,"column":19},"end":{"line":95,"column":5}}}},"branchMap":{"0":{"loc":{"start":{"line":12,"column":6},"end":{"line":14,"column":null}},"type":"if","locations":[{"start":{"line":12,"column":6},"end":{"line":14,"column":null}},{"start":{"line":12,"column":6},"end":{"line":14,"column":null}}]},"1":{"loc":{"start":{"line":30,"column":6},"end":{"line":32,"column":null}},"type":"if","locations":[{"start":{"line":30,"column":6},"end":{"line":32,"column":null}},{"start":{"line":30,"column":6},"end":{"line":32,"column":null}}]},"2":{"loc":{"start":{"line":33,"column":6},"end":{"line":35,"column":null}},"type":"if","locations":[{"start":{"line":33,"column":6},"end":{"line":35,"column":null}},{"start":{"line":33,"column":6},"end":{"line":35,"column":null}}]},"3":{"loc":{"start":{"line":36,"column":6},"end":{"line":38,"column":null}},"type":"if","locations":[{"start":{"line":36,"column":6},"end":{"line":38,"column":null}},{"start":{"line":36,"column":6},"end":{"line":38,"column":null}}]},"4":{"loc":{"start":{"line":39,"column":6},"end":{"line":41,"column":null}},"type":"if","locations":[{"start":{"line":39,"column":6},"end":{"line":41,"column":null}},{"start":{"line":39,"column":6},"end":{"line":41,"column":null}}]},"5":{"loc":{"start":{"line":42,"column":6},"end":{"line":44,"column":null}},"type":"if","locations":[{"start":{"line":42,"column":6},"end":{"line":44,"column":null}},{"start":{"line":42,"column":6},"end":{"line":44,"column":null}}]},"6":{"loc":{"start":{"line":45,"column":6},"end":{"line":47,"column":null}},"type":"if","locations":[{"start":{"line":45,"column":6},"end":{"line":47,"column":null}},{"start":{"line":45,"column":6},"end":{"line":47,"column":null}}]},"7":{"loc":{"start":{"line":48,"column":6},"end":{"line":50,"column":null}},"type":"if","locations":[{"start":{"line":48,"column":6},"end":{"line":50,"column":null}},{"start":{"line":48,"column":6},"end":{"line":50,"column":null}}]},"8":{"loc":{"start":{"line":51,"column":6},"end":{"line":53,"column":null}},"type":"if","locations":[{"start":{"line":51,"column":6},"end":{"line":53,"column":null}},{"start":{"line":51,"column":6},"end":{"line":53,"column":null}}]},"9":{"loc":{"start":{"line":54,"column":6},"end":{"line":56,"column":null}},"type":"if","locations":[{"start":{"line":54,"column":6},"end":{"line":56,"column":null}},{"start":{"line":54,"column":6},"end":{"line":56,"column":null}}]},"10":{"loc":{"start":{"line":57,"column":6},"end":{"line":59,"column":null}},"type":"if","locations":[{"start":{"line":57,"column":6},"end":{"line":59,"column":null}},{"start":{"line":57,"column":6},"end":{"line":59,"column":null}}]},"11":{"loc":{"start":{"line":78,"column":7},"end":{"line":78,"column":63}},"type":"cond-expr","locations":[{"start":{"line":78,"column":7},"end":{"line":78,"column":63}},{"start":{"line":79,"column":6},"end":{"line":79,"column":19}}]},"12":{"loc":{"start":{"line":81,"column":7},"end":{"line":81,"column":61}},"type":"cond-expr","locations":[{"start":{"line":81,"column":7},"end":{"line":81,"column":61}},{"start":{"line":82,"column":6},"end":{"line":82,"column":18}}]},"13":{"loc":{"start":{"line":83,"column":35},"end":{"line":83,"column":60}},"type":"cond-expr","locations":[{"start":{"line":83,"column":35},"end":{"line":83,"column":60}},{"start":{"line":83,"column":64},"end":{"line":83,"column":69}}]},"14":{"loc":{"start":{"line":85,"column":7},"end":{"line":85,"column":71}},"type":"cond-expr","locations":[{"start":{"line":85,"column":7},"end":{"line":85,"column":71}},{"start":{"line":86,"column":6},"end":{"line":86,"column":23}}]},"15":{"loc":{"start":{"line":91,"column":6},"end":{"line":93,"column":null}},"type":"if","locations":[{"start":{"line":91,"column":6},"end":{"line":93,"column":null}},{"start":{"line":91,"column":6},"end":{"line":93,"column":null}}]}},"s":{"0":5,"1":19,"2":4,"3":4,"4":3,"5":1,"6":1,"7":2,"8":2,"9":1,"10":1,"11":0,"12":1,"13":1,"14":1,"15":0,"16":1,"17":0,"18":1,"19":0,"20":1,"21":0,"22":1,"23":0,"24":1,"25":1,"26":1,"27":0,"28":1,"29":1,"30":11,"31":11,"32":11,"33":11,"34":11,"35":11,"36":0,"37":11,"38":5},"f":{"0":19,"1":4,"2":4,"3":1,"4":2,"5":2,"6":1,"7":11,"8":11},"b":{"0":[3,1],"1":[1,1],"2":[0,1],"3":[1,0],"4":[0,1],"5":[0,1],"6":[0,1],"7":[0,1],"8":[0,1],"9":[1,0],"10":[0,1],"11":[7,4],"12":[5,6],"13":[3,8],"14":[2,9],"15":[0,11]}}
,"/home/rostislav013/Documents/Integrigy/work/fast-track-5-typescript-men-boilerplate/src/services/movie.ts": {"path":"/home/rostislav013/Documents/Integrigy/work/fast-track-5-typescript-men-boilerplate/src/services/movie.ts","statementMap":{"0":{"start":{"line":1,"column":0},"end":{"line":1,"column":54}},"1":{"start":{"line":4,"column":2},"end":{"line":4,"column":null}},"2":{"start":{"line":8,"column":2},"end":{"line":15,"column":null}},"3":{"start":{"line":11,"column":6},"end":{"line":13,"column":null}},"4":{"start":{"line":12,"column":8},"end":{"line":12,"column":null}},"5":{"start":{"line":14,"column":6},"end":{"line":14,"column":null}},"6":{"start":{"line":19,"column":2},"end":{"line":19,"column":null}},"7":{"start":{"line":26,"column":2},"end":{"line":43,"column":null}},"8":{"start":{"line":29,"column":6},"end":{"line":31,"column":null}},"9":{"start":{"line":30,"column":8},"end":{"line":30,"column":null}},"10":{"start":{"line":32,"column":6},"end":{"line":34,"column":null}},"11":{"start":{"line":33,"column":8},"end":{"line":33,"column":null}},"12":{"start":{"line":35,"column":6},"end":{"line":37,"column":null}},"13":{"start":{"line":36,"column":8},"end":{"line":36,"column":null}},"14":{"start":{"line":38,"column":6},"end":{"line":40,"column":null}},"15":{"start":{"line":39,"column":8},"end":{"line":39,"column":null}},"16":{"start":{"line":42,"column":6},"end":{"line":42,"column":null}},"17":{"start":{"line":47,"column":2},"end":{"line":47,"column":null}},"18":{"start":{"line":50,"column":0},"end":{"line":56,"column":null}}},"fnMap":{"0":{"name":"create","decl":{"start":{"line":3,"column":9},"end":{"line":3,"column":15}},"loc":{"start":{"line":3,"column":36},"end":{"line":5,"column":1}}},"1":{"name":"findById","decl":{"start":{"line":7,"column":9},"end":{"line":7,"column":17}},"loc":{"start":{"line":7,"column":33},"end":{"line":16,"column":1}}},"2":{"name":"(anonymous_3)","decl":{"start":{"line":10,"column":10},"end":{"line":10,"column":11}},"loc":{"start":{"line":10,"column":20},"end":{"line":15,"column":5}}},"3":{"name":"findAll","decl":{"start":{"line":18,"column":9},"end":{"line":18,"column":16}},"loc":{"start":{"line":18,"column":16},"end":{"line":20,"column":1}}},"4":{"name":"update","decl":{"start":{"line":22,"column":9},"end":{"line":22,"column":15}},"loc":{"start":{"line":24,"column":32},"end":{"line":44,"column":1}}},"5":{"name":"(anonymous_6)","decl":{"start":{"line":28,"column":10},"end":{"line":28,"column":11}},"loc":{"start":{"line":28,"column":20},"end":{"line":43,"column":5}}},"6":{"name":"deleteMovie","decl":{"start":{"line":46,"column":9},"end":{"line":46,"column":20}},"loc":{"start":{"line":46,"column":36},"end":{"line":48,"column":1}}}},"branchMap":{"0":{"loc":{"start":{"line":11,"column":6},"end":{"line":13,"column":null}},"type":"if","locations":[{"start":{"line":11,"column":6},"end":{"line":13,"column":null}},{"start":{"line":11,"column":6},"end":{"line":13,"column":null}}]},"1":{"loc":{"start":{"line":29,"column":6},"end":{"line":31,"column":null}},"type":"if","locations":[{"start":{"line":29,"column":6},"end":{"line":31,"column":null}},{"start":{"line":29,"column":6},"end":{"line":31,"column":null}}]},"2":{"loc":{"start":{"line":32,"column":6},"end":{"line":34,"column":null}},"type":"if","locations":[{"start":{"line":32,"column":6},"end":{"line":34,"column":null}},{"start":{"line":32,"column":6},"end":{"line":34,"column":null}}]},"3":{"loc":{"start":{"line":35,"column":6},"end":{"line":37,"column":null}},"type":"if","locations":[{"start":{"line":35,"column":6},"end":{"line":37,"column":null}},{"start":{"line":35,"column":6},"end":{"line":37,"column":null}}]},"4":{"loc":{"start":{"line":38,"column":6},"end":{"line":40,"column":null}},"type":"if","locations":[{"start":{"line":38,"column":6},"end":{"line":40,"column":null}},{"start":{"line":38,"column":6},"end":{"line":40,"column":null}}]}},"s":{"0":5,"1":11,"2":6,"3":6,"4":4,"5":2,"6":1,"7":3,"8":3,"9":1,"10":2,"11":2,"12":2,"13":2,"14":2,"15":0,"16":2,"17":2,"18":5},"f":{"0":11,"1":6,"2":6,"3":1,"4":3,"5":3,"6":2},"b":{"0":[4,2],"1":[1,2],"2":[2,0],"3":[2,0],"4":[0,2]}}
,"/home/rostislav013/Documents/Integrigy/work/fast-track-5-typescript-men-boilerplate/src/services/user.ts": {"path":"/home/rostislav013/Documents/Integrigy/work/fast-track-5-typescript-men-boilerplate/src/services/user.ts","statementMap":{"0":{"start":{"line":1,"column":0},"end":{"line":1,"column":51}},"1":{"start":{"line":2,"column":0},"end":{"line":2,"column":29}},"2":{"start":{"line":14,"column":2},"end":{"line":14,"column":null}},"3":{"start":{"line":18,"column":2},"end":{"line":25,"column":null}},"4":{"start":{"line":21,"column":6},"end":{"line":23,"column":null}},"5":{"start":{"line":22,"column":8},"end":{"line":22,"column":null}},"6":{"start":{"line":24,"column":6},"end":{"line":24,"column":null}},"7":{"start":{"line":29,"column":2},"end":{"line":29,"column":51}},"8":{"start":{"line":41,"column":2},"end":{"line":41,"column":null}},"9":{"start":{"line":43,"column":18},"end":{"line":43,"column":33}},"10":{"start":{"line":44,"column":2},"end":{"line":50,"column":null}},"11":{"start":{"line":45,"column":2},"end":{"line":49,"column":null}},"12":{"start":{"line":45,"column":46},"end":{"line":49,"column":6}},"13":{"start":{"line":46,"column":4},"end":{"line":46,"column":null}},"14":{"start":{"line":46,"column":13},"end":{"line":46,"column":null}},"15":{"start":{"line":47,"column":4},"end":{"line":47,"column":null}},"16":{"start":{"line":48,"column":4},"end":{"line":48,"column":null}},"17":{"start":{"line":55,"column":2},"end":{"line":102,"column":null}},"18":{"start":{"line":57,"column":25},"end":{"line":102,"column":6}},"19":{"start":{"line":58,"column":6},"end":{"line":58,"column":null}},"20":{"start":{"line":59,"column":6},"end":{"line":59,"column":null}},"21":{"start":{"line":60,"column":6},"end":{"line":62,"column":null}},"22":{"start":{"line":61,"column":8},"end":{"line":61,"column":null}},"23":{"start":{"line":64,"column":6},"end":{"line":66,"column":null}},"24":{"start":{"line":65,"column":8},"end":{"line":65,"column":null}},"25":{"start":{"line":67,"column":6},"end":{"line":99,"column":null}},"26":{"start":{"line":68,"column":8},"end":{"line":70,"column":null}},"27":{"start":{"line":69,"column":8},"end":{"line":69,"column":null}},"28":{"start":{"line":71,"column":6},"end":{"line":84,"column":null}},"29":{"start":{"line":73,"column":8},"end":{"line":83,"column":null}},"30":{"start":{"line":74,"column":10},"end":{"line":74,"column":null}},"31":{"start":{"line":75,"column":10},"end":{"line":82,"column":null}},"32":{"start":{"line":76,"column":12},"end":{"line":76,"column":null}},"33":{"start":{"line":77,"column":12},"end":{"line":77,"column":null}},"34":{"start":{"line":78,"column":12},"end":{"line":78,"column":null}},"35":{"start":{"line":79,"column":12},"end":{"line":79,"column":null}},"36":{"start":{"line":81,"column":12},"end":{"line":81,"column":null}},"37":{"start":{"line":85,"column":6},"end":{"line":87,"column":null}},"38":{"start":{"line":86,"column":8},"end":{"line":86,"column":null}},"39":{"start":{"line":88,"column":6},"end":{"line":90,"column":null}},"40":{"start":{"line":89,"column":8},"end":{"line":89,"column":null}},"41":{"start":{"line":91,"column":6},"end":{"line":93,"column":null}},"42":{"start":{"line":92,"column":8},"end":{"line":92,"column":null}},"43":{"start":{"line":94,"column":6},"end":{"line":96,"column":null}},"44":{"start":{"line":95,"column":8},"end":{"line":95,"column":null}},"45":{"start":{"line":100,"column":6},"end":{"line":100,"column":null}},"46":{"start":{"line":101,"column":6},"end":{"line":101,"column":null}},"47":{"start":{"line":106,"column":2},"end":{"line":106,"column":null}},"48":{"start":{"line":109,"column":0},"end":{"line":115,"column":null}}},"fnMap":{"0":{"name":"create","decl":{"start":{"line":13,"column":9},"end":{"line":13,"column":15}},"loc":{"start":{"line":13,"column":34},"end":{"line":15,"column":1}}},"1":{"name":"findById","decl":{"start":{"line":17,"column":9},"end":{"line":17,"column":17}},"loc":{"start":{"line":17,"column":32},"end":{"line":26,"column":1}}},"2":{"name":"(anonymous_10)","decl":{"start":{"line":20,"column":10},"end":{"line":20,"column":11}},"loc":{"start":{"line":20,"column":19},"end":{"line":25,"column":5}}},"3":{"name":"findAll","decl":{"start":{"line":28,"column":9},"end":{"line":28,"column":16}},"loc":{"start":{"line":28,"column":16},"end":{"line":30,"column":1}}},"4":{"name":"update","decl":{"start":{"line":36,"column":9},"end":{"line":36,"column":15}},"loc":{"start":{"line":39,"column":30},"end":{"line":103,"column":1}}},"5":{"name":"(anonymous_13)","decl":{"start":{"line":44,"column":30},"end":{"line":44,"column":31}},"loc":{"start":{"line":44,"column":44},"end":{"line":50,"column":3}}},"6":{"name":"(anonymous_14)","decl":{"start":{"line":45,"column":26},"end":{"line":45,"column":33}},"loc":{"start":{"line":45,"column":46},"end":{"line":49,"column":6}}},"7":{"name":"(anonymous_15)","decl":{"start":{"line":45,"column":46},"end":{"line":45,"column":null}},"loc":{"start":{"line":45,"column":46},"end":{"line":49,"column":5}}},"8":{"name":"(anonymous_16)","decl":{"start":{"line":57,"column":10},"end":{"line":57,"column":17}},"loc":{"start":{"line":57,"column":25},"end":{"line":102,"column":6}}},"9":{"name":"(anonymous_17)","decl":{"start":{"line":57,"column":25},"end":{"line":57,"column":null}},"loc":{"start":{"line":57,"column":25},"end":{"line":102,"column":5}}},"10":{"name":"(anonymous_18)","decl":{"start":{"line":73,"column":73},"end":{"line":73,"column":74}},"loc":{"start":{"line":73,"column":84},"end":{"line":83,"column":9}}},"11":{"name":"deleteUser","decl":{"start":{"line":105,"column":9},"end":{"line":105,"column":19}},"loc":{"start":{"line":105,"column":34},"end":{"line":107,"column":1}}}},"branchMap":{"0":{"loc":{"start":{"line":21,"column":6},"end":{"line":23,"column":null}},"type":"if","locations":[{"start":{"line":21,"column":6},"end":{"line":23,"column":null}},{"start":{"line":21,"column":6},"end":{"line":23,"column":null}}]},"1":{"loc":{"start":{"line":44,"column":2},"end":{"line":44,"column":6}},"type":"binary-expr","locations":[{"start":{"line":44,"column":2},"end":{"line":44,"column":6}},{"start":{"line":44,"column":11},"end":{"line":50,"column":4}}]},"2":{"loc":{"start":{"line":46,"column":4},"end":{"line":46,"column":null}},"type":"if","locations":[{"start":{"line":46,"column":4},"end":{"line":46,"column":null}},{"start":{"line":46,"column":4},"end":{"line":46,"column":null}}]},"3":{"loc":{"start":{"line":58,"column":26},"end":{"line":58,"column":28}},"type":"cond-expr","locations":[{"start":{"line":58,"column":26},"end":{"line":58,"column":28}},{"start":{"line":58,"column":18},"end":{"line":58,"column":30}}]},"4":{"loc":{"start":{"line":58,"column":18},"end":{"line":58,"column":28}},"type":"binary-expr","locations":[{"start":{"line":58,"column":18},"end":{"line":58,"column":28}},{"start":{"line":58,"column":18},"end":{"line":58,"column":28}}]},"5":{"loc":{"start":{"line":59,"column":22},"end":{"line":59,"column":24}},"type":"cond-expr","locations":[{"start":{"line":59,"column":22},"end":{"line":59,"column":24}},{"start":{"line":59,"column":18},"end":{"line":59,"column":27}}]},"6":{"loc":{"start":{"line":59,"column":18},"end":{"line":59,"column":24}},"type":"binary-expr","locations":[{"start":{"line":59,"column":18},"end":{"line":59,"column":24}},{"start":{"line":59,"column":18},"end":{"line":59,"column":24}}]},"7":{"loc":{"start":{"line":60,"column":6},"end":{"line":62,"column":null}},"type":"if","locations":[{"start":{"line":60,"column":6},"end":{"line":62,"column":null}},{"start":{"line":60,"column":6},"end":{"line":62,"column":null}}]},"8":{"loc":{"start":{"line":64,"column":6},"end":{"line":66,"column":null}},"type":"if","locations":[{"start":{"line":64,"column":6},"end":{"line":66,"column":null}},{"start":{"line":64,"column":6},"end":{"line":66,"column":null}}]},"9":{"loc":{"start":{"line":64,"column":10},"end":{"line":64,"column":38}},"type":"binary-expr","locations":[{"start":{"line":64,"column":10},"end":{"line":64,"column":38}},{"start":{"line":64,"column":38},"end":{"line":64,"column":62}}]},"10":{"loc":{"start":{"line":64,"column":30},"end":{"line":64,"column":32}},"type":"cond-expr","locations":[{"start":{"line":64,"column":30},"end":{"line":64,"column":32}},{"start":{"line":64,"column":22},"end":{"line":64,"column":34}}]},"11":{"loc":{"start":{"line":64,"column":22},"end":{"line":64,"column":32}},"type":"binary-expr","locations":[{"start":{"line":64,"column":22},"end":{"line":64,"column":32}},{"start":{"line":64,"column":22},"end":{"line":64,"column":32}}]},"12":{"loc":{"start":{"line":64,"column":46},"end":{"line":64,"column":48}},"type":"cond-expr","locations":[{"start":{"line":64,"column":46},"end":{"line":64,"column":48}},{"start":{"line":64,"column":38},"end":{"line":64,"column":53}}]},"13":{"loc":{"start":{"line":64,"column":38},"end":{"line":64,"column":48}},"type":"binary-expr","locations":[{"start":{"line":64,"column":38},"end":{"line":64,"column":48}},{"start":{"line":64,"column":38},"end":{"line":64,"column":48}}]},"14":{"loc":{"start":{"line":67,"column":6},"end":{"line":99,"column":null}},"type":"if","locations":[{"start":{"line":67,"column":6},"end":{"line":99,"column":null}},{"start":{"line":67,"column":6},"end":{"line":99,"column":null}}]},"15":{"loc":{"start":{"line":67,"column":10},"end":{"line":67,"column":39}},"type":"binary-expr","locations":[{"start":{"line":67,"column":10},"end":{"line":67,"column":39}},{"start":{"line":67,"column":39},"end":{"line":67,"column":62}}]},"16":{"loc":{"start":{"line":67,"column":14},"end":{"line":67,"column":16}},"type":"cond-expr","locations":[{"start":{"line":67,"column":14},"end":{"line":67,"column":16}},{"start":{"line":67,"column":10},"end":{"line":67,"column":19}}]},"17":{"loc":{"start":{"line":67,"column":10},"end":{"line":67,"column":16}},"type":"binary-expr","locations":[{"start":{"line":67,"column":10},"end":{"line":67,"column":16}},{"start":{"line":67,"column":10},"end":{"line":67,"column":16}}]},"18":{"loc":{"start":{"line":67,"column":31},"end":{"line":67,"column":33}},"type":"cond-expr","locations":[{"start":{"line":67,"column":31},"end":{"line":67,"column":33}},{"start":{"line":67,"column":23},"end":{"line":67,"column":35}}]},"19":{"loc":{"start":{"line":67,"column":23},"end":{"line":67,"column":33}},"type":"binary-expr","locations":[{"start":{"line":67,"column":23},"end":{"line":67,"column":33}},{"start":{"line":67,"column":23},"end":{"line":67,"column":33}}]},"20":{"loc":{"start":{"line":67,"column":47},"end":{"line":67,"column":49}},"type":"cond-expr","locations":[{"start":{"line":67,"column":47},"end":{"line":67,"column":49}},{"start":{"line":67,"column":39},"end":{"line":67,"column":54}}]},"21":{"loc":{"start":{"line":67,"column":39},"end":{"line":67,"column":49}},"type":"binary-expr","locations":[{"start":{"line":67,"column":39},"end":{"line":67,"column":49}},{"start":{"line":67,"column":39},"end":{"line":67,"column":49}}]},"22":{"loc":{"start":{"line":68,"column":8},"end":{"line":70,"column":null}},"type":"if","locations":[{"start":{"line":68,"column":8},"end":{"line":70,"column":null}},{"start":{"line":68,"column":8},"end":{"line":70,"column":null}}]},"23":{"loc":{"start":{"line":71,"column":6},"end":{"line":84,"column":null}},"type":"if","locations":[{"start":{"line":71,"column":6},"end":{"line":84,"column":null}},{"start":{"line":71,"column":6},"end":{"line":84,"column":null}}]},"24":{"loc":{"start":{"line":71,"column":10},"end":{"line":71,"column":25}},"type":"binary-expr","locations":[{"start":{"line":71,"column":10},"end":{"line":71,"column":25}},{"start":{"line":71,"column":29},"end":{"line":71,"column":51}}]},"25":{"loc":{"start":{"line":75,"column":10},"end":{"line":82,"column":null}},"type":"if","locations":[{"start":{"line":75,"column":10},"end":{"line":82,"column":null}},{"start":{"line":75,"column":10},"end":{"line":82,"column":null}}]},"26":{"loc":{"start":{"line":85,"column":6},"end":{"line":87,"column":null}},"type":"if","locations":[{"start":{"line":85,"column":6},"end":{"line":87,"column":null}},{"start":{"line":85,"column":6},"end":{"line":87,"column":null}}]},"27":{"loc":{"start":{"line":88,"column":6},"end":{"line":90,"column":null}},"type":"if","locations":[{"start":{"line":88,"column":6},"end":{"line":90,"column":null}},{"start":{"line":88,"column":6},"end":{"line":90,"column":null}}]},"28":{"loc":{"start":{"line":91,"column":6},"end":{"line":93,"column":null}},"type":"if","locations":[{"start":{"line":91,"column":6},"end":{"line":93,"column":null}},{"start":{"line":91,"column":6},"end":{"line":93,"column":null}}]},"29":{"loc":{"start":{"line":94,"column":6},"end":{"line":96,"column":null}},"type":"if","locations":[{"start":{"line":94,"column":6},"end":{"line":96,"column":null}},{"start":{"line":94,"column":6},"end":{"line":96,"column":null}}]}},"s":{"0":4,"1":4,"2":8,"3":3,"4":3,"5":2,"6":1,"7":1,"8":0,"9":0,"10":0,"11":0,"12":0,"13":0,"14":0,"15":0,"16":0,"17":0,"18":0,"19":0,"20":0,"21":0,"22":0,"23":0,"24":0,"25":0,"26":0,"27":0,"28":0,"29":0,"30":0,"31":0,"32":0,"33":0,"34":0,"35":0,"36":0,"37":0,"38":0,"39":0,"40":0,"41":0,"42":0,"43":0,"44":0,"45":0,"46":0,"47":1,"48":4},"f":{"0":8,"1":3,"2":3,"3":1,"4":0,"5":0,"6":0,"7":0,"8":0,"9":0,"10":0,"11":1},"b":{"0":[2,1],"1":[0,0],"2":[0,0],"3":[0,0],"4":[0,0],"5":[0,0],"6":[0,0],"7":[0,0],"8":[0,0],"9":[0,0],"10":[0,0],"11":[0,0],"12":[0,0],"13":[0,0],"14":[0,0],"15":[0,0],"16":[0,0],"17":[0,0],"18":[0,0],"19":[0,0],"20":[0,0],"21":[0,0],"22":[0,0],"23":[0,0],"24":[0,0],"25":[0,0],"26":[0,0],"27":[0,0],"28":[0,0],"29":[0,0]}}
,"/home/rostislav013/Documents/Integrigy/work/fast-track-5-typescript-men-boilerplate/src/util/logger.ts": {"path":"/home/rostislav013/Documents/Integrigy/work/fast-track-5-typescript-men-boilerplate/src/util/logger.ts","statementMap":{"0":{"start":{"line":1,"column":0},"end":{"line":1,"column":29}},"1":{"start":{"line":3,"column":39},"end":{"line":10,"column":null}},"2":{"start":{"line":12,"column":15},"end":{"line":12,"column":44}},"3":{"start":{"line":14,"column":0},"end":{"line":16,"column":null}},"4":{"start":{"line":15,"column":2},"end":{"line":15,"column":null}},"5":{"start":{"line":18,"column":0},"end":{"line":18,"column":null}}},"fnMap":{},"branchMap":{"0":{"loc":{"start":{"line":6,"column":53},"end":{"line":6,"column":60}},"type":"cond-expr","locations":[{"start":{"line":6,"column":53},"end":{"line":6,"column":60}},{"start":{"line":6,"column":63},"end":{"line":6,"column":70}}]},"1":{"loc":{"start":{"line":14,"column":0},"end":{"line":16,"column":null}},"type":"if","locations":[{"start":{"line":14,"column":0},"end":{"line":16,"column":null}},{"start":{"line":14,"column":0},"end":{"line":16,"column":null}}]}},"s":{"0":4,"1":4,"2":4,"3":4,"4":4,"5":4},"f":{},"b":{"0":[0,4],"1":[4,0]}}
,"/home/rostislav013/Documents/Integrigy/work/fast-track-5-typescript-men-boilerplate/src/util/secrets.ts": {"path":"/home/rostislav013/Documents/Integrigy/work/fast-track-5-typescript-men-boilerplate/src/util/secrets.ts","statementMap":{"0":{"start":{"line":1,"column":0},"end":{"line":1,"column":27}},"1":{"start":{"line":2,"column":0},"end":{"line":2,"column":19}},"2":{"start":{"line":4,"column":0},"end":{"line":4,"column":29}},"3":{"start":{"line":6,"column":0},"end":{"line":12,"column":null}},"4":{"start":{"line":7,"column":2},"end":{"line":7,"column":null}},"5":{"start":{"line":8,"column":2},"end":{"line":8,"column":null}},"6":{"start":{"line":10,"column":2},"end":{"line":10,"column":null}},"7":{"start":{"line":11,"column":2},"end":{"line":11,"column":42}},"8":{"start":{"line":13,"column":13},"end":{"line":13,"column":null}},"9":{"start":{"line":14,"column":13},"end":{"line":14,"column":41}},"10":{"start":{"line":16,"column":13},"end":{"line":16,"column":null}},"11":{"start":{"line":17,"column":13},"end":{"line":17,"column":null}},"12":{"start":{"line":18,"column":13},"end":{"line":20,"column":null}},"13":{"start":{"line":22,"column":0},"end":{"line":27,"column":null}},"14":{"start":{"line":23,"column":2},"end":{"line":25,"column":null}},"15":{"start":{"line":26,"column":2},"end":{"line":26,"column":null}},"16":{"start":{"line":29,"column":0},"end":{"line":40,"column":null}},"17":{"start":{"line":30,"column":2},"end":{"line":38,"column":null}},"18":{"start":{"line":31,"column":4},"end":{"line":33,"column":null}},"19":{"start":{"line":35,"column":4},"end":{"line":37,"column":null}},"20":{"start":{"line":39,"column":2},"end":{"line":39,"column":null}}},"fnMap":{},"branchMap":{"0":{"loc":{"start":{"line":6,"column":0},"end":{"line":12,"column":null}},"type":"if","locations":[{"start":{"line":6,"column":0},"end":{"line":12,"column":null}},{"start":{"line":6,"column":0},"end":{"line":12,"column":null}}]},"1":{"loc":{"start":{"line":19,"column":4},"end":{"line":19,"column":30}},"type":"cond-expr","locations":[{"start":{"line":19,"column":4},"end":{"line":19,"column":30}},{"start":{"line":20,"column":4},"end":{"line":20,"column":36}}]},"2":{"loc":{"start":{"line":22,"column":0},"end":{"line":27,"column":null}},"type":"if","locations":[{"start":{"line":22,"column":0},"end":{"line":27,"column":null}},{"start":{"line":22,"column":0},"end":{"line":27,"column":null}}]},"3":{"loc":{"start":{"line":22,"column":4},"end":{"line":22,"column":19}},"type":"binary-expr","locations":[{"start":{"line":22,"column":4},"end":{"line":22,"column":19}},{"start":{"line":22,"column":23},"end":{"line":22,"column":34}}]},"4":{"loc":{"start":{"line":29,"column":0},"end":{"line":40,"column":null}},"type":"if","locations":[{"start":{"line":29,"column":0},"end":{"line":40,"column":null}},{"start":{"line":29,"column":0},"end":{"line":40,"column":null}}]},"5":{"loc":{"start":{"line":30,"column":2},"end":{"line":38,"column":null}},"type":"if","locations":[{"start":{"line":30,"column":2},"end":{"line":38,"column":null}},{"start":{"line":30,"column":2},"end":{"line":38,"column":null}}]}},"s":{"0":4,"1":4,"2":4,"3":4,"4":4,"5":4,"6":0,"7":0,"8":4,"9":4,"10":4,"11":4,"12":4,"13":4,"14":0,"15":0,"16":4,"17":0,"18":0,"19":0,"20":0},"f":{},"b":{"0":[4,0],"1":[0,4],"2":[0,4],"3":[4,4],"4":[0,4],"5":[0,0]}}
,"/home/rostislav013/Documents/Integrigy/work/fast-track-5-typescript-men-boilerplate/src/util/squareNumber.ts": {"path":"/home/rostislav013/Documents/Integrigy/work/fast-track-5-typescript-men-boilerplate/src/util/squareNumber.ts","statementMap":{"0":{"start":{"line":2,"column":2},"end":{"line":2,"column":null}},"1":{"start":{"line":1,"column":0},"end":{"line":1,"column":24}}},"fnMap":{"0":{"name":"squareNumber","decl":{"start":{"line":1,"column":24},"end":{"line":1,"column":36}},"loc":{"start":{"line":1,"column":46},"end":{"line":3,"column":1}}}},"branchMap":{},"s":{"0":4,"1":1},"f":{"0":4},"b":{}}
,"/home/rostislav013/Documents/Integrigy/work/fast-track-5-typescript-men-boilerplate/test/db-helper.ts": {"path":"/home/rostislav013/Documents/Integrigy/work/fast-track-5-typescript-men-boilerplate/test/db-helper.ts","statementMap":{"0":{"start":{"line":1,"column":0},"end":{"line":1,"column":31}},"1":{"start":{"line":2,"column":0},"end":{"line":2,"column":57}},"2":{"start":{"line":4,"column":15},"end":{"line":4,"column":38}},"3":{"start":{"line":6,"column":13},"end":{"line":16,"column":null}},"4":{"start":{"line":6,"column":34},"end":{"line":16,"column":null}},"5":{"start":{"line":7,"column":14},"end":{"line":7,"column":48}},"6":{"start":{"line":9,"column":23},"end":{"line":14,"column":null}},"7":{"start":{"line":15,"column":2},"end":{"line":15,"column":null}},"8":{"start":{"line":18,"column":13},"end":{"line":22,"column":null}},"9":{"start":{"line":18,"column":40},"end":{"line":22,"column":null}},"10":{"start":{"line":19,"column":2},"end":{"line":19,"column":null}},"11":{"start":{"line":20,"column":2},"end":{"line":20,"column":null}},"12":{"start":{"line":21,"column":2},"end":{"line":21,"column":null}},"13":{"start":{"line":24,"column":13},"end":{"line":31,"column":null}},"14":{"start":{"line":24,"column":40},"end":{"line":31,"column":null}},"15":{"start":{"line":25,"column":22},"end":{"line":25,"column":53}},"16":{"start":{"line":27,"column":2},"end":{"line":30,"column":null}},"17":{"start":{"line":28,"column":23},"end":{"line":28,"column":39}},"18":{"start":{"line":29,"column":4},"end":{"line":29,"column":null}}},"fnMap":{"0":{"name":"(anonymous_8)","decl":{"start":{"line":6,"column":23},"end":{"line":6,"column":32}},"loc":{"start":{"line":6,"column":34},"end":{"line":16,"column":null}}},"1":{"name":"(anonymous_9)","decl":{"start":{"line":6,"column":34},"end":{"line":6,"column":null}},"loc":{"start":{"line":6,"column":34},"end":{"line":16,"column":1}}},"2":{"name":"(anonymous_10)","decl":{"start":{"line":18,"column":29},"end":{"line":18,"column":38}},"loc":{"start":{"line":18,"column":40},"end":{"line":22,"column":null}}},"3":{"name":"(anonymous_11)","decl":{"start":{"line":18,"column":40},"end":{"line":18,"column":null}},"loc":{"start":{"line":18,"column":40},"end":{"line":22,"column":1}}},"4":{"name":"(anonymous_12)","decl":{"start":{"line":24,"column":29},"end":{"line":24,"column":38}},"loc":{"start":{"line":24,"column":40},"end":{"line":31,"column":null}}},"5":{"name":"(anonymous_13)","decl":{"start":{"line":24,"column":40},"end":{"line":24,"column":null}},"loc":{"start":{"line":24,"column":40},"end":{"line":31,"column":1}}}},"branchMap":{},"s":{"0":5,"1":5,"2":5,"3":5,"4":39,"5":39,"6":39,"7":39,"8":5,"9":5,"10":5,"11":5,"12":5,"13":5,"14":39,"15":39,"16":39,"17":93,"18":93},"f":{"0":39,"1":39,"2":5,"3":5,"4":39,"5":39},"b":{}}
}
