TN:
SF:/home/rostislav013/Documents/Integrigy/work/fast-track-5-typescript-men-boilerplate/src/app.ts
FN:35,(anonymous_1)
FN:38,(anonymous_2)
FN:52,(anonymous_3)
FNF:3
FNH:2
FNDA:2,(anonymous_1)
FNDA:0,(anonymous_2)
FNDA:64,(anonymous_3)
DA:1,4
DA:2,4
DA:4,4
DA:5,4
DA:9,4
DA:10,4
DA:11,4
DA:13,4
DA:14,4
DA:16,4
DA:17,4
DA:18,4
DA:20,4
DA:23,4
DA:24,4
DA:26,4
DA:28,4
DA:29,4
DA:39,0
DA:42,0
DA:46,4
DA:49,4
DA:52,4
DA:53,64
DA:54,64
DA:58,64
DA:62,4
DA:63,4
DA:64,4
DA:65,4
DA:66,4
DA:69,4
DA:72,4
DA:75,4
DA:78,4
DA:80,4
LF:36
LH:34
BRDA:46,0,0,4
BRDA:46,0,1,0
BRF:2
BRH:1
end_of_record
TN:
SF:/home/rostislav013/Documents/Integrigy/work/fast-track-5-typescript-men-boilerplate/src/Validation/login.ts
FN:4,validateLoginInput
FNF:1
FNH:1
FNDA:3,validateLoginInput
DA:1,4
DA:2,4
DA:4,4
DA:8,3
DA:11,3
DA:12,3
DA:15,3
DA:16,0
DA:17,3
DA:18,0
DA:21,3
DA:22,0
DA:24,3
LF:13
LH:10
BRDA:11,0,0,3
BRDA:11,0,1,0
BRDA:12,1,0,3
BRDA:12,1,1,0
BRDA:15,2,0,0
BRDA:15,2,1,3
BRDA:17,3,0,0
BRDA:17,3,1,3
BRDA:21,4,0,0
BRDA:21,4,1,3
BRF:10
BRH:5
end_of_record
TN:
SF:/home/rostislav013/Documents/Integrigy/work/fast-track-5-typescript-men-boilerplate/src/Validation/register.ts
FN:9,validateRegisterInput
FNF:1
FNH:1
FNDA:9,validateRegisterInput
DA:1,4
DA:2,4
DA:9,4
DA:14,9
DA:16,9
DA:17,9
DA:18,9
DA:21,9
DA:22,1
DA:25,9
DA:26,0
DA:27,9
DA:28,0
DA:31,9
DA:32,0
DA:35,9
DA:36,0
DA:39,9
LF:18
LH:14
BRDA:16,0,0,8
BRDA:16,0,1,1
BRDA:17,1,0,9
BRDA:17,1,1,0
BRDA:18,2,0,9
BRDA:18,2,1,0
BRDA:21,3,0,1
BRDA:21,3,1,8
BRDA:25,4,0,0
BRDA:25,4,1,9
BRDA:27,5,0,0
BRDA:27,5,1,9
BRDA:31,6,0,0
BRDA:31,6,1,9
BRDA:35,7,0,0
BRDA:35,7,1,9
BRF:16
BRH:10
end_of_record
TN:
SF:/home/rostislav013/Documents/Integrigy/work/fast-track-5-typescript-men-boilerplate/src/config/keys.ts
FNF:0
FNH:0
DA:1,4
LF:1
LH:1
BRF:0
BRH:0
end_of_record
TN:
SF:/home/rostislav013/Documents/Integrigy/work/fast-track-5-typescript-men-boilerplate/src/controllers/book.ts
FN:12,(anonymous_8)
FN:16,(anonymous_9)
FN:54,(anonymous_10)
FN:58,(anonymous_11)
FN:70,(anonymous_12)
FN:74,(anonymous_13)
FN:84,(anonymous_14)
FN:88,(anonymous_15)
FN:97,(anonymous_16)
FN:101,(anonymous_17)
FN:116,(anonymous_18)
FN:120,(anonymous_19)
FNF:12
FNH:12
FNDA:15,(anonymous_8)
FNDA:15,(anonymous_9)
FNDA:1,(anonymous_10)
FNDA:1,(anonymous_11)
FNDA:1,(anonymous_12)
FNDA:1,(anonymous_13)
FNDA:3,(anonymous_14)
FNDA:3,(anonymous_15)
FNDA:1,(anonymous_16)
FNDA:1,(anonymous_17)
FNDA:11,(anonymous_18)
FNDA:11,(anonymous_19)
DA:3,4
DA:4,4
DA:5,4
DA:12,4
DA:16,15
DA:17,15
DA:28,15
DA:30,15
DA:42,15
DA:43,14
DA:45,1
DA:46,1
DA:48,0
DA:54,4
DA:58,1
DA:59,1
DA:60,1
DA:61,1
DA:62,1
DA:63,1
DA:65,0
DA:70,4
DA:74,1
DA:75,1
DA:76,1
DA:77,1
DA:79,0
DA:84,4
DA:88,3
DA:89,3
DA:90,3
DA:92,2
DA:97,4
DA:101,1
DA:102,1
DA:103,1
DA:105,0
DA:116,4
DA:120,11
DA:121,11
DA:122,11
DA:123,11
DA:125,0
LF:43
LH:38
BRDA:45,0,0,1
BRDA:45,0,1,0
BRF:2
BRH:1
end_of_record
TN:
SF:/home/rostislav013/Documents/Integrigy/work/fast-track-5-typescript-men-boilerplate/src/controllers/movie.ts
FN:12,(anonymous_8)
FN:16,(anonymous_9)
FN:40,(anonymous_10)
FN:44,(anonymous_11)
FN:56,(anonymous_12)
FN:60,(anonymous_13)
FN:70,(anonymous_14)
FN:74,(anonymous_15)
FN:83,(anonymous_16)
FN:87,(anonymous_17)
FNF:10
FNH:10
FNDA:7,(anonymous_8)
FNDA:7,(anonymous_9)
FNDA:1,(anonymous_10)
FNDA:1,(anonymous_11)
FNDA:1,(anonymous_12)
FNDA:1,(anonymous_13)
FNDA:3,(anonymous_14)
FNDA:3,(anonymous_15)
FNDA:1,(anonymous_16)
FNDA:1,(anonymous_17)
DA:3,4
DA:4,4
DA:5,4
DA:12,4
DA:16,7
DA:17,7
DA:18,7
DA:20,7
DA:28,7
DA:29,6
DA:31,1
DA:32,1
DA:34,0
DA:40,4
DA:44,1
DA:45,1
DA:46,1
DA:47,1
DA:48,1
DA:49,1
DA:51,0
DA:56,4
DA:60,1
DA:61,1
DA:62,1
DA:63,1
DA:65,0
DA:70,4
DA:74,3
DA:75,3
DA:76,3
DA:78,2
DA:83,4
DA:87,1
DA:88,1
DA:89,1
DA:91,0
LF:37
LH:33
BRDA:31,0,0,1
BRDA:31,0,1,0
BRF:2
BRH:1
end_of_record
TN:
SF:/home/rostislav013/Documents/Integrigy/work/fast-track-5-typescript-men-boilerplate/src/controllers/user.ts
FN:17,(anonymous_8)
FN:21,(anonymous_9)
FN:47,(anonymous_10)
FN:53,(anonymous_11)
FN:54,(anonymous_12)
FN:54,(anonymous_13)
FN:73,(anonymous_14)
FN:77,(anonymous_15)
FN:91,(anonymous_16)
FN:91,(anonymous_17)
FN:101,(anonymous_18)
FN:108,(anonymous_19)
FN:124,(anonymous_20)
FN:139,(anonymous_21)
FN:143,(anonymous_22)
FN:153,(anonymous_23)
FN:157,(anonymous_24)
FN:166,(anonymous_25)
FN:170,(anonymous_26)
FNF:19
FNH:17
FNDA:9,(anonymous_8)
FNDA:9,(anonymous_9)
FNDA:8,(anonymous_10)
FNDA:8,(anonymous_11)
FNDA:8,(anonymous_12)
FNDA:8,(anonymous_13)
FNDA:0,(anonymous_14)
FNDA:0,(anonymous_15)
FNDA:3,(anonymous_16)
FNDA:3,(anonymous_17)
FNDA:3,(anonymous_18)
FNDA:2,(anonymous_19)
FNDA:1,(anonymous_20)
FNDA:1,(anonymous_21)
FNDA:1,(anonymous_22)
FNDA:3,(anonymous_23)
FNDA:3,(anonymous_24)
FNDA:1,(anonymous_25)
FNDA:1,(anonymous_26)
DA:2,4
DA:3,4
DA:5,4
DA:6,4
DA:7,4
DA:8,4
DA:9,4
DA:10,4
DA:17,4
DA:21,9
DA:22,9
DA:30,9
DA:32,9
DA:33,9
DA:42,9
DA:44,9
DA:45,1
DA:47,8
DA:49,8
DA:50,0
DA:53,8
DA:54,8
DA:55,8
DA:56,8
DA:57,8
DA:58,8
DA:64,0
DA:65,0
DA:67,0
DA:73,4
DA:77,0
DA:78,0
DA:79,0
DA:80,0
DA:81,0
DA:83,0
DA:84,0
DA:86,0
DA:91,4
DA:92,3
DA:95,3
DA:96,0
DA:98,3
DA:99,3
DA:101,3
DA:103,3
DA:104,1
DA:108,2
DA:109,2
DA:111,1
DA:118,1
DA:125,1
DA:132,1
DA:139,4
DA:143,1
DA:144,1
DA:145,1
DA:146,1
DA:148,0
DA:153,4
DA:157,3
DA:158,3
DA:159,3
DA:161,2
DA:166,4
DA:170,1
DA:171,1
DA:172,1
DA:174,0
LF:69
LH:54
BRDA:44,0,0,1
BRDA:44,0,1,8
BRDA:49,1,0,0
BRDA:49,1,1,8
BRDA:55,2,0,0
BRDA:55,2,1,8
BRDA:64,3,0,0
BRDA:64,3,1,0
BRDA:95,4,0,0
BRDA:95,4,1,3
BRDA:103,5,0,1
BRDA:103,5,1,2
BRDA:109,6,0,1
BRDA:109,6,1,1
BRF:14
BRH:9
end_of_record
TN:
SF:/home/rostislav013/Documents/Integrigy/work/fast-track-5-typescript-men-boilerplate/src/helpers/apiError.ts
FN:2,(anonymous_0)
FN:12,(anonymous_1)
FN:18,(anonymous_2)
FN:24,(anonymous_3)
FN:33,(anonymous_4)
FN:42,(anonymous_5)
FNF:6
FNH:3
FNDA:8,(anonymous_0)
FNDA:6,(anonymous_1)
FNDA:0,(anonymous_2)
FNDA:0,(anonymous_3)
FNDA:0,(anonymous_4)
FNDA:2,(anonymous_5)
DA:1,4
DA:3,8
DA:4,8
DA:5,8
DA:7,8
DA:11,4
DA:12,6
DA:13,6
DA:17,4
DA:18,0
DA:19,0
DA:23,4
DA:25,0
DA:28,0
DA:32,4
DA:34,0
DA:37,0
DA:41,4
DA:42,2
DA:43,2
LF:20
LH:14
BRDA:12,0,0,0
BRDA:18,1,0,0
BRDA:25,2,0,0
BRDA:34,3,0,0
BRDA:42,4,0,0
BRF:5
BRH:0
end_of_record
TN:
SF:/home/rostislav013/Documents/Integrigy/work/fast-track-5-typescript-men-boilerplate/src/middlewares/apiErrorHandler.ts
FN:6,default_1
FNF:1
FNH:1
FNDA:8,default_1
DA:4,4
DA:6,4
DA:12,8
DA:13,8
DA:16,8
LF:5
LH:5
BRDA:12,0,0,8
BRDA:12,0,1,0
BRF:2
BRH:1
end_of_record
TN:
SF:/home/rostislav013/Documents/Integrigy/work/fast-track-5-typescript-men-boilerplate/src/middlewares/auth.ts
FN:4,auth
FNF:1
FNH:1
FNDA:1,auth
DA:1,4
DA:2,4
DA:5,1
DA:7,1
DA:8,1
DA:12,0
DA:13,0
DA:14,0
DA:15,0
DA:17,0
DA:18,0
DA:23,4
LF:12
LH:6
BRDA:7,0,0,1
BRDA:7,0,1,0
BRF:2
BRH:1
end_of_record
TN:
SF:/home/rostislav013/Documents/Integrigy/work/fast-track-5-typescript-men-boilerplate/src/models/Book.ts
FNF:0
FNH:0
DA:1,5
DA:22,5
DA:66,5
LF:3
LH:3
BRF:0
BRH:0
end_of_record
TN:
SF:/home/rostislav013/Documents/Integrigy/work/fast-track-5-typescript-men-boilerplate/src/models/Movie.ts
FNF:0
FNH:0
DA:1,5
DA:12,5
DA:35,5
LF:3
LH:3
BRF:0
BRH:0
end_of_record
TN:
SF:/home/rostislav013/Documents/Integrigy/work/fast-track-5-typescript-men-boilerplate/src/models/User.ts
FNF:0
FNH:0
DA:1,4
DA:20,4
DA:63,4
LF:3
LH:3
BRF:0
BRH:0
end_of_record
TN:
SF:/home/rostislav013/Documents/Integrigy/work/fast-track-5-typescript-men-boilerplate/src/routers/book.ts
FNF:0
FNH:0
DA:1,4
DA:3,4
DA:12,4
DA:15,4
DA:16,4
DA:17,4
DA:18,4
DA:19,4
DA:20,4
DA:22,4
LF:10
LH:10
BRF:0
BRH:0
end_of_record
TN:
SF:/home/rostislav013/Documents/Integrigy/work/fast-track-5-typescript-men-boilerplate/src/routers/movie.ts
FNF:0
FNH:0
DA:1,4
DA:3,4
DA:11,4
DA:14,4
DA:15,4
DA:16,4
DA:17,4
DA:18,4
DA:20,4
LF:9
LH:9
BRF:0
BRH:0
end_of_record
TN:
SF:/home/rostislav013/Documents/Integrigy/work/fast-track-5-typescript-men-boilerplate/src/routers/user.ts
FNF:0
FNH:0
DA:1,4
DA:2,4
DA:4,4
DA:13,4
DA:16,4
DA:17,4
DA:18,4
DA:19,4
DA:20,4
DA:21,4
DA:23,4
LF:11
LH:11
BRF:0
BRH:0
end_of_record
TN:
SF:/home/rostislav013/Documents/Integrigy/work/fast-track-5-typescript-men-boilerplate/src/services/book.ts
FN:3,create
FN:8,findById
FN:11,(anonymous_3)
FN:19,findAll
FN:23,update
FN:29,(anonymous_6)
FN:64,deleteBook
FN:75,findByQuery
FN:90,(anonymous_9)
FNF:9
FNH:9
FNDA:19,create
FNDA:4,findById
FNDA:4,(anonymous_3)
FNDA:1,findAll
FNDA:2,update
FNDA:2,(anonymous_6)
FNDA:1,deleteBook
FNDA:11,findByQuery
FNDA:11,(anonymous_9)
DA:1,5
DA:5,19
DA:9,4
DA:12,4
DA:13,3
DA:15,1
DA:20,1
DA:27,2
DA:30,2
DA:31,1
DA:33,1
DA:34,0
DA:36,1
DA:37,1
DA:39,1
DA:40,0
DA:42,1
DA:43,0
DA:45,1
DA:46,0
DA:48,1
DA:49,0
DA:51,1
DA:52,0
DA:54,1
DA:55,1
DA:57,1
DA:58,0
DA:60,1
DA:65,1
DA:77,11
DA:80,11
DA:83,11
DA:84,11
DA:88,11
DA:91,11
DA:92,0
DA:94,11
DA:98,5
LF:39
LH:31
BRDA:12,0,0,3
BRDA:12,0,1,1
BRDA:30,1,0,1
BRDA:30,1,1,1
BRDA:33,2,0,0
BRDA:33,2,1,1
BRDA:36,3,0,1
BRDA:36,3,1,0
BRDA:39,4,0,0
BRDA:39,4,1,1
BRDA:42,5,0,0
BRDA:42,5,1,1
BRDA:45,6,0,0
BRDA:45,6,1,1
BRDA:48,7,0,0
BRDA:48,7,1,1
BRDA:51,8,0,0
BRDA:51,8,1,1
BRDA:54,9,0,1
BRDA:54,9,1,0
BRDA:57,10,0,0
BRDA:57,10,1,1
BRDA:78,11,0,7
BRDA:78,11,1,4
BRDA:81,12,0,5
BRDA:81,12,1,6
BRDA:83,13,0,3
BRDA:83,13,1,8
BRDA:85,14,0,2
BRDA:85,14,1,9
BRDA:91,15,0,0
BRDA:91,15,1,11
BRF:32
BRH:22
end_of_record
TN:
SF:/home/rostislav013/Documents/Integrigy/work/fast-track-5-typescript-men-boilerplate/src/services/movie.ts
FN:3,create
FN:7,findById
FN:10,(anonymous_3)
FN:18,findAll
FN:22,update
FN:28,(anonymous_6)
FN:46,deleteMovie
FNF:7
FNH:7
FNDA:11,create
FNDA:6,findById
FNDA:6,(anonymous_3)
FNDA:1,findAll
FNDA:3,update
FNDA:3,(anonymous_6)
FNDA:2,deleteMovie
DA:1,5
DA:4,11
DA:8,6
DA:11,6
DA:12,4
DA:14,2
DA:19,1
DA:26,3
DA:29,3
DA:30,1
DA:32,2
DA:33,2
DA:35,2
DA:36,2
DA:38,2
DA:39,0
DA:42,2
DA:47,2
DA:50,5
LF:19
LH:18
BRDA:11,0,0,4
BRDA:11,0,1,2
BRDA:29,1,0,1
BRDA:29,1,1,2
BRDA:32,2,0,2
BRDA:32,2,1,0
BRDA:35,3,0,2
BRDA:35,3,1,0
BRDA:38,4,0,0
BRDA:38,4,1,2
BRF:10
BRH:7
end_of_record
TN:
SF:/home/rostislav013/Documents/Integrigy/work/fast-track-5-typescript-men-boilerplate/src/services/user.ts
FN:13,create
FN:17,findById
FN:20,(anonymous_10)
FN:28,findAll
FN:36,update
FN:44,(anonymous_13)
FN:45,(anonymous_14)
FN:45,(anonymous_15)
FN:57,(anonymous_16)
FN:57,(anonymous_17)
FN:73,(anonymous_18)
FN:105,deleteUser
FNF:12
FNH:5
FNDA:8,create
FNDA:3,findById
FNDA:3,(anonymous_10)
FNDA:1,findAll
FNDA:0,update
FNDA:0,(anonymous_13)
FNDA:0,(anonymous_14)
FNDA:0,(anonymous_15)
FNDA:0,(anonymous_16)
FNDA:0,(anonymous_17)
FNDA:0,(anonymous_18)
FNDA:1,deleteUser
DA:1,4
DA:2,4
DA:14,8
DA:18,3
DA:21,3
DA:22,2
DA:24,1
DA:29,1
DA:41,0
DA:43,0
DA:44,0
DA:45,0
DA:46,0
DA:47,0
DA:48,0
DA:55,0
DA:57,0
DA:58,0
DA:59,0
DA:60,0
DA:61,0
DA:64,0
DA:65,0
DA:67,0
DA:68,0
DA:69,0
DA:71,0
DA:73,0
DA:74,0
DA:75,0
DA:76,0
DA:77,0
DA:78,0
DA:79,0
DA:81,0
DA:85,0
DA:86,0
DA:88,0
DA:89,0
DA:91,0
DA:92,0
DA:94,0
DA:95,0
DA:100,0
DA:101,0
DA:106,1
DA:109,4
LF:47
LH:10
BRDA:21,0,0,2
BRDA:21,0,1,1
BRDA:44,1,0,0
BRDA:44,1,1,0
BRDA:46,2,0,0
BRDA:46,2,1,0
BRDA:58,3,0,0
BRDA:58,3,1,0
BRDA:58,4,0,0
BRDA:58,4,1,0
BRDA:59,5,0,0
BRDA:59,5,1,0
BRDA:59,6,0,0
BRDA:59,6,1,0
BRDA:60,7,0,0
BRDA:60,7,1,0
BRDA:64,8,0,0
BRDA:64,8,1,0
BRDA:64,9,0,0
BRDA:64,9,1,0
BRDA:64,10,0,0
BRDA:64,10,1,0
BRDA:64,11,0,0
BRDA:64,11,1,0
BRDA:64,12,0,0
BRDA:64,12,1,0
BRDA:64,13,0,0
BRDA:64,13,1,0
BRDA:67,14,0,0
BRDA:67,14,1,0
BRDA:67,15,0,0
BRDA:67,15,1,0
BRDA:67,16,0,0
BRDA:67,16,1,0
BRDA:67,17,0,0
BRDA:67,17,1,0
BRDA:67,18,0,0
BRDA:67,18,1,0
BRDA:67,19,0,0
BRDA:67,19,1,0
BRDA:67,20,0,0
BRDA:67,20,1,0
BRDA:67,21,0,0
BRDA:67,21,1,0
BRDA:68,22,0,0
BRDA:68,22,1,0
BRDA:71,23,0,0
BRDA:71,23,1,0
BRDA:71,24,0,0
BRDA:71,24,1,0
BRDA:75,25,0,0
BRDA:75,25,1,0
BRDA:85,26,0,0
BRDA:85,26,1,0
BRDA:88,27,0,0
BRDA:88,27,1,0
BRDA:91,28,0,0
BRDA:91,28,1,0
BRDA:94,29,0,0
BRDA:94,29,1,0
BRF:60
BRH:2
end_of_record
TN:
SF:/home/rostislav013/Documents/Integrigy/work/fast-track-5-typescript-men-boilerplate/src/util/logger.ts
FNF:0
FNH:0
DA:1,4
DA:3,4
DA:12,4
DA:14,4
DA:15,4
DA:18,4
LF:6
LH:6
BRDA:6,0,0,0
BRDA:6,0,1,4
BRDA:14,1,0,4
BRDA:14,1,1,0
BRF:4
BRH:2
end_of_record
TN:
SF:/home/rostislav013/Documents/Integrigy/work/fast-track-5-typescript-men-boilerplate/src/util/secrets.ts
FNF:0
FNH:0
DA:1,4
DA:2,4
DA:4,4
DA:6,4
DA:7,4
DA:8,4
DA:10,0
DA:11,0
DA:13,4
DA:14,4
DA:16,4
DA:17,4
DA:18,4
DA:22,4
DA:23,0
DA:26,0
DA:29,4
DA:30,0
DA:31,0
DA:35,0
DA:39,0
LF:21
LH:13
BRDA:6,0,0,4
BRDA:6,0,1,0
BRDA:19,1,0,0
BRDA:19,1,1,4
BRDA:22,2,0,0
BRDA:22,2,1,4
BRDA:22,3,0,4
BRDA:22,3,1,4
BRDA:29,4,0,0
BRDA:29,4,1,4
BRDA:30,5,0,0
BRDA:30,5,1,0
BRF:12
BRH:6
end_of_record
TN:
SF:/home/rostislav013/Documents/Integrigy/work/fast-track-5-typescript-men-boilerplate/src/util/squareNumber.ts
FN:1,squareNumber
FNF:1
FNH:1
FNDA:4,squareNumber
DA:1,1
DA:2,4
LF:2
LH:2
BRF:0
BRH:0
end_of_record
TN:
SF:/home/rostislav013/Documents/Integrigy/work/fast-track-5-typescript-men-boilerplate/test/db-helper.ts
FN:6,(anonymous_8)
FN:6,(anonymous_9)
FN:18,(anonymous_10)
FN:18,(anonymous_11)
FN:24,(anonymous_12)
FN:24,(anonymous_13)
FNF:6
FNH:6
FNDA:39,(anonymous_8)
FNDA:39,(anonymous_9)
FNDA:5,(anonymous_10)
FNDA:5,(anonymous_11)
FNDA:39,(anonymous_12)
FNDA:39,(anonymous_13)
DA:1,5
DA:2,5
DA:4,5
DA:6,39
DA:7,39
DA:9,39
DA:15,39
DA:18,5
DA:19,5
DA:20,5
DA:21,5
DA:24,39
DA:25,39
DA:27,39
DA:28,93
DA:29,93
LF:16
LH:16
BRF:0
BRH:0
end_of_record
